[10:27:28.363] Global cache location 'C:/Users/Admin/AppData/Local/Microsoft/TypeScript/4.4', safe file path 'c:/users/admin/documents/git/jwt/node_modules/typescript/lib/typingsafelist.json', types map path c:/users/admin/documents/git/jwt/node_modules/typescript/lib/typesmap.json
[10:27:28.365] Processing cache location 'C:/Users/Admin/AppData/Local/Microsoft/TypeScript/4.4'
[10:27:28.365] Trying to find 'C:/Users/Admin/AppData/Local/Microsoft/TypeScript/4.4/package.json'...
[10:27:28.376] Loaded content of 'C:/Users/Admin/AppData/Local/Microsoft/TypeScript/4.4/package.json': {"private":true,"dependencies":{"types-registry":"^0.1.582"},"devDependencies":{"@types/abbrev":"^1.1.2","@types/accepts":"^1.3.5","@types/app-root-dir":"^0.1.0","@types/are-we-there-yet":"^1.1.0","@types/argparse":"^2.0.10","@types/aria-query":"^5.0.0","@types/arr-diff":"^4.0.0","@types/arr-union":"^3.1.0","@types/array-unique":"^0.3.0","@types/array.prototype.flat":"^1.2.1","@types/array.prototype.flatmap":"^1.2.2","@types/asap":"^2.0.0","@types/asn1":"^0.2.0","@types/assert":"^1.5.6","@types/assert-plus":"^1.0.4","@types/async":"^3.2.9","@types/atob":"^2.1.2","@types/aws4":"^1.11.0","@types/babel-plugin-macros":"^2.8.5","@types/babel-plugin-syntax-jsx":"^6.18.0","@types/babylon":"^6.16.6","@types/balanced-match":"^1.0.1","@types/big.js":"^6.1.2","@types/bluebird":"^3.5.36","@types/bn.js":"^5.1.0","@types/body-parser":"^1.19.1","@types/bonjour":"^3.5.9","@types/boolbase":"^1.0.0","@types/brace-expansion":"^1.1.0","@types/braces":"^3.0.1","@types/brorand":"^1.0.30","@types/browser-sync":"^2.26.2","@types/bser":"^2.0.1","@types/buffer-from":"^1.1.0","@types/buffer-xor":"^2.0.0","@types/bytes":"^3.1.1","@types/cacache":"^15.0.1","@types/call-bind":"^1.0.0","@types/camelcase-css":"^2.0.0","@types/caniuse-api":"^3.0.2","@types/caniuse-lite":"^1.0.1","@types/case-sensitive-paths-webpack-plugin":"^2.1.6","@types/caseless":"^0.12.2","@types/check-types":"^7.3.3","@types/chownr":"^1.0.0","@types/cipher-base":"^1.0.0","@types/clean-css":"^4.2.5","@types/clone-deep":"^4.0.1","@types/co":"^4.6.3","@types/color":"^3.0.2","@types/color-convert":"^2.0.0","@types/color-name":"^1.1.1","@types/color-string":"^1.5.0","@types/combined-stream":"^1.0.3","@types/common-tags":"^1.8.1","@types/commondir":"^1.0.0","@types/component-emitter":"^1.2.11","@types/compose-function":"^0.0.30","@types/compressible":"^2.0.0","@types/compression":"^1.7.2","@types/concat-map":"^0.0.1","@types/concat-stream":"^1.6.1","@types/confusing-browser-globals":"^1.0.0","@types/connect-history-api-fallback":"^1.3.5","@types/content-disposition":"^0.5.4","@types/content-type":"^1.1.5","@types/convert-source-map":"^1.5.2","@types/cookie":"^0.4.1","@types/cookie-signature":"^1.0.3","@types/core-js":"^2.5.5","@types/create-hash":"^1.2.2","@types/create-hmac":"^1.1.0","@types/cross-spawn":"^6.0.2","@types/css":"^0.0.33","@types/css-declaration-sorter":"^6.0.1","@types/css-tree":"^1.0.7","@types/cssesc":"^3.0.0","@types/cssnano":"^4.0.1","@types/csso":"^4.2.0","@types/cssom":"^0.4.1","@types/cssstyle":"^2.2.1","@types/d":"^1.0.1","@types/damerau-levenshtein":"^1.0.0","@types/dashdash":"^1.14.1","@types/data-urls":"^2.0.1","@types/debug":"^4.1.7","@types/decode-uri-component":"^0.2.0","@types/dedent":"^0.7.0","@types/deep-equal":"^1.0.1","@types/default-gateway":"^3.0.1","@types/define-properties":"^1.1.3","@types/depd":"^1.1.32","@types/destroy":"^1.0.0","@types/detect-node":"^2.0.0","@types/detect-port":"^1.3.1","@types/diffie-hellman":"^5.0.0","@types/dir-glob":"^2.0.1","@types/dns-packet":"^5.2.2","@types/doctrine":"^0.0.5","@types/domexception":"^2.0.1","@types/dotenv-defaults":"^2.0.1","@types/duplexify":"^3.6.0","@types/ee-first":"^1.1.0","@types/ejs":"^3.1.0","@types/element-resize-detector":"^1.1.3","@types/elliptic":"^6.4.14","@types/encodeurl":"^1.0.0","@types/end-of-stream":"^1.4.1","@types/enhanced-resolve":"^3.0.7","@types/es-abstract":"^1.17.3","@types/es-get-iterator":"^1.1.0","@types/es-to-primitive":"^1.2.4","@types/es6-shim":"^0.31.42","@types/escape-html":"^1.0.1","@types/escodegen":"^0.0.7","@types/eslint":"^7.28.2","@types/eslint-scope":"^3.7.1","@types/eslint-utils":"^3.0.0","@types/eslint-visitor-keys":"^1.0.0","@types/esm":"^3.2.0","@types/esprima":"^4.0.3","@types/esquery":"^1.0.2","@types/estraverse":"^5.1.1","@types/esutils":"^2.0.0","@types/etag":"^1.8.1","@types/events":"^3.0.0","@types/eventsource":"^1.1.7","@types/exit":"^0.1.31","@types/express":"^4.17.13","@types/extend":"^3.0.1","@types/extsprintf":"^1.4.1","@types/fast-levenshtein":"^0.0.2","@types/fb-watchman":"^2.0.1","@types/file-entry-cache":"^5.0.2","@types/file-loader":"^5.0.1","@types/fill-range":"^7.0.0","@types/finalhandler":"^1.1.1","@types/find-cache-dir":"^3.2.1","@types/find-root":"^1.1.2","@types/flat-cache":"^2.0.0","@types/flush-write-stream":"^1.0.0","@types/follow-redirects":"^1.13.1","@types/foreach":"^2.0.0","@types/forever-agent":"^0.6.1","@types/forwarded":"^0.1.0","@types/fresh":"^0.5.0","@types/from2":"^2.3.1","@types/fs-extra":"^9.0.13","@types/function-bind":"^1.1.6","@types/functional-red-black-tree":"^1.0.1","@types/gaze":"^1.1.1","@types/get-intrinsic":"^1.0.0","@types/get-value":"^3.0.2","@types/getpass":"^0.1.1","@types/github-slugger":"^1.3.0","@types/glob":"^7.2.0","@types/glob-base":"^0.3.0","@types/glob-parent":"^5.1.1","@types/glob-to-regexp":"^0.4.1","@types/global-modules":"^2.0.0","@types/global-prefix":"^3.0.0","@types/globalthis":"^1.0.1","@types/globule":"^1.1.4","@types/graceful-fs":"^4.1.5","@types/gulp":"^4.0.9","@types/gulp-autoprefixer":"^0.0.33","@types/gulp-clean-css":"^4.3.0","@types/gulp-sass":"^5.0.0","@types/has":"^1.0.0","@types/has-ansi":"^5.0.0","@types/has-symbols":"^1.0.0","@types/he":"^1.1.2","@types/hex-color-regex":"^1.1.1","@types/hoist-non-react-statics":"^3.3.1","@types/hosted-git-info":"^3.0.2","@types/html-encoding-sniffer":"^2.0.2","@types/html-escaper":"^3.0.0","@types/html-minifier-terser":"^6.0.0","@types/http-errors":"^1.8.1","@types/http-proxy":"^1.17.7","@types/icss-utils":"^4.1.0","@types/iferr":"^1.0.2","@types/imurmurhash":"^0.1.1","@types/inherits":"^0.0.30","@types/ini":"^1.3.31","@types/internal-slot":"^1.0.1","@types/interpret":"^1.1.1","@types/invariant":"^2.2.35","@types/ip":"^1.1.0","@types/is-arguments":"^1.0.0","@types/is-bigint":"^1.0.0","@types/is-boolean-object":"^1.1.0","@types/is-buffer":"^2.0.0","@types/is-callable":"^1.1.0","@types/is-ci":"^3.0.0","@types/is-core-module":"^2.2.0","@types/is-data-descriptor":"^1.0.0","@types/is-date-object":"^1.0.1","@types/is-dom":"^1.1.0","@types/is-function":"^1.0.1","@types/is-generator-function":"^1.0.1","@types/is-glob":"^4.0.2","@types/is-number":"^7.0.1","@types/is-object":"^1.0.2","@types/is-regex":"^1.0.0","@types/is-string":"^1.0.0","@types/is-typedarray":"^1.0.0","@types/is-windows":"^1.0.0","@types/isarray":"^2.0.0","@types/isexe":"^2.0.1","@types/isstream":"^0.1.0","@types/istanbul-lib-coverage":"^2.0.3","@types/istanbul-lib-instrument":"^1.7.4","@types/istanbul-lib-report":"^3.0.0","@types/istanbul-lib-source-maps":"^4.0.1","@types/istanbul-reports":"^3.0.1","@types/iterate-iterator":"^1.0.0","@types/iterate-value":"^1.0.0","@types/js-string-escape":"^1.0.1","@types/js-yaml":"^4.0.4","@types/jsbn":"^1.2.29","@types/jsdom":"^16.2.13","@types/jsesc":"^3.0.1","@types/json-parse-better-errors":"^1.0.0","@types/json-schema":"^7.0.9","@types/json-stringify-safe":"^5.0.0","@types/json3":"^3.3.2","@types/jsonfile":"^6.0.1","@types/jsonwebtoken":"^8.5.5","@types/jwa":"^2.0.0","@types/jws":"^3.2.4","@types/kind-of":"^6.0.0","@types/klaw":"^3.0.3","@types/language-tags":"^1.0.0","@types/loader-runner":"^2.2.4","@types/loader-utils":"^2.0.3","@types/lodash":"^4.14.176","@types/lodash.clonedeep":"^4.5.6","@types/lodash.debounce":"^4.0.6","@types/lodash.includes":"^4.3.6","@types/lodash.isboolean":"^3.0.6","@types/lodash.isinteger":"^4.0.6","@types/lodash.isnumber":"^3.0.6","@types/lodash.isplainobject":"^4.0.6","@types/lodash.isstring":"^4.0.6","@types/lodash.memoize":"^4.1.6","@types/lodash.merge":"^4.6.6","@types/lodash.once":"^4.1.6","@types/lodash.sortby":"^4.7.6","@types/lodash.template":"^4.5.0","@types/lodash.truncate":"^4.4.6","@types/lodash.uniq":"^4.5.6","@types/long":"^4.0.1","@types/lowlight":"^0.0.3","@types/lru-cache":"^5.1.1","@types/lz-string":"^1.3.34","@types/mdurl":"^1.0.2","@types/media-typer":"^1.1.1","@types/memory-fs":"^0.3.3","@types/merge-descriptors":"^1.0.1","@types/merge-stream":"^1.1.2","@types/merge2":"^1.3.1","@types/methods":"^1.1.1","@types/micromatch":"^4.0.2","@types/mime":"^2.0.3","@types/mime-db":"^1.43.1","@types/mime-types":"^2.1.1","@types/min-document":"^2.19.0","@types/min-indent":"^1.0.0","@types/mini-css-extract-plugin":"^2.4.0","@types/minimalistic-assert":"^1.0.1","@types/minimatch":"^3.0.5","@types/minimist":"^1.2.2","@types/minipass":"^3.1.0","@types/minizlib":"^2.1.2","@types/mkdirp":"^1.0.2","@types/move-concurrently":"^1.0.4","@types/ms":"^0.7.31","@types/multicast-dns":"^7.2.1","@types/natural-compare":"^1.4.1","@types/negotiator":"^0.6.1","@types/nested-error-stacks":"^2.1.0","@types/next-tick":"^1.0.0","@types/nice-try":"^2.1.0","@types/node-dir":"^0.0.34","@types/node-forge":"^0.10.9","@types/node-int64":"^0.4.29","@types/node-notifier":"^8.0.1","@types/node-sass":"^4.11.2","@types/nopt":"^3.0.29","@types/normalize-package-data":"^2.4.1","@types/normalize-path":"^3.0.0","@types/npmlog":"^4.1.3","@types/num2fraction":"^1.2.0","@types/number-is-nan":"^2.0.0","@types/nwsapi":"^2.2.2","@types/object-assign":"^4.0.30","@types/object-inspect":"^1.8.1","@types/object-keys":"^1.0.1","@types/object.fromentries":"^2.0.1","@types/object.getownpropertydescriptors":"^2.1.1","@types/object.pick":"^1.3.1","@types/on-finished":"^2.3.1","@types/on-headers":"^1.0.0","@types/once":"^1.4.0","@types/optimize-css-assets-webpack-plugin":"^5.0.4","@types/original":"^1.0.0","@types/overlayscrollbars":"^1.12.1","@types/pako":"^1.0.2","@types/parallel-transform":"^1.1.1","@types/parse-json":"^4.0.0","@types/parse5":"^6.0.2","@types/parseurl":"^1.3.1","@types/pascalcase":"^1.0.1","@types/path-browserify":"^1.0.0","@types/path-is-absolute":"^1.0.0","@types/path-is-inside":"^1.0.0","@types/path-parse":"^1.0.19","@types/pbkdf2":"^3.1.0","@types/picomatch":"^2.3.0","@types/pify":"^5.0.1","@types/platform":"^1.3.4","@types/postcss-calc":"^7.0.2","@types/postcss-flexbugs-fixes":"^4.2.1","@types/postcss-gap-properties":"^2.0.1","@types/postcss-modules-extract-imports":"^3.0.2","@types/postcss-modules-local-by-default":"^1.2.2","@types/postcss-modules-scope":"^1.1.2","@types/postcss-modules-values":"^3.0.0","@types/postcss-normalize":"^9.0.1","@types/postcss-preset-env":"^6.7.3","@types/postcss-safe-parser":"^5.0.0","@types/prelude-ls":"^1.1.29","@types/prettier":"^2.4.1","@types/pretty-hrtime":"^1.0.1","@types/prismjs":"^1.16.6","@types/progress":"^2.0.5","@types/promise-inflight":"^1.0.0","@types/promise.allsettled":"^1.0.3","@types/promise.prototype.finally":"^2.0.4","@types/prompts":"^2.0.14","@types/prop-types":"^15.7.4","@types/proxy-addr":"^2.0.0","@types/psl":"^1.1.0","@types/pump":"^1.1.1","@types/pumpify":"^1.4.1","@types/punycode":"^2.1.0","@types/q":"^1.5.5","@types/qs":"^6.9.7","@types/querystringify":"^2.0.0","@types/raf":"^3.4.0","@types/ramda":"^0.27.49","@types/randombytes":"^2.0.0","@types/range-parser":"^1.2.4","@types/react":"^17.0.34","@types/react-dev-utils":"^9.0.8","@types/react-dom":"^17.0.11","@types/react-inspector":"^4.0.2","@types/react-is":"^17.0.3","@types/react-lifecycles-compat":"^3.0.1","@types/react-redux":"^7.1.20","@types/react-syntax-highlighter":"^13.5.2","@types/react-textarea-autosize":"^4.3.6","@types/readable-stream":"^2.3.11","@types/rechoir":"^0.6.1","@types/recursive-readdir":"^2.2.0","@types/refractor":"^3.0.2","@types/regenerate":"^1.4.1","@types/regenerator-runtime":"^0.13.1","@types/regex-not":"^1.0.0","@types/relateurl":"^0.2.29","@types/repeat-element":"^1.1.0","@types/repeat-string":"^1.6.2","@types/request":"^2.48.7","@types/require-directory":"^2.1.2","@types/require-from-string":"^1.2.1","@types/requires-port":"^1.0.0","@types/resolve":"^1.20.1","@types/retry":"^0.12.1","@types/rimraf":"^3.0.2","@types/ripemd160":"^2.0.0","@types/rsvp":"^4.0.4","@types/run-parallel":"^1.1.0","@types/safe-regex":"^1.1.3","@types/safer-buffer":"^2.1.0","@types/sane":"^2.0.1","@types/sass-graph":"^2.1.3","@types/sass-loader":"^8.0.2","@types/sax":"^1.2.3","@types/scheduler":"^0.16.2","@types/semver":"^7.3.9","@types/send":"^0.17.1","@types/serialize-javascript":"^5.0.1","@types/serve-favicon":"^2.5.3","@types/serve-index":"^1.9.1","@types/serve-static":"^1.13.10","@types/set-value":"^4.0.1","@types/setimmediate":"^1.0.2","@types/sha.js":"^2.4.0","@types/shallowequal":"^1.1.1","@types/shebang-command":"^1.2.0","@types/shell-quote":"^1.7.1","@types/signal-exit":"^3.0.1","@types/slice-ansi":"^5.0.0","@types/sockjs":"^0.3.33","@types/sockjs-client":"^1.5.1","@types/source-list-map":"^0.1.2","@types/source-map-support":"^0.5.4","@types/spdx-correct":"^2.0.0","@types/spdx-expression-parse":"^3.0.1","@types/spdy":"^3.4.5","@types/sprintf":"^0.1.0","@types/sprintf-js":"^1.1.2","@types/sqlstring":"^2.3.0","@types/sshpk":"^1.10.7","@types/ssri":"^7.1.1","@types/stack-utils":"^2.0.1","@types/statuses":"^2.0.0","@types/stdout-stream":"^1.4.0","@types/stream-each":"^1.2.0","@types/stream-shift":"^1.0.0","@types/strict-uri-encode":"^2.0.0","@types/string-hash":"^1.1.1","@types/string-natural-compare":"^3.0.2","@types/string.prototype.matchall":"^4.0.0","@types/stringify-object":"^4.0.0","@types/strip-comments":"^2.0.1","@types/strip-final-newline":"^3.0.0","@types/styled-components":"^5.1.15","@types/supports-color":"^8.1.1","@types/svg-parser":"^2.0.3","@types/svgo":"^2.6.0","@types/symbol-tree":"^3.2.2","@types/tapable":"^2.2.2","@types/tar":"^6.1.0","@types/testing-library__jest-dom":"^5.14.1","@types/text-table":"^0.2.2","@types/throttle-debounce":"^2.1.0","@types/through2":"^2.0.36","@types/thunky":"^1.1.0","@types/timsort":"^0.3.0","@types/tmpl":"^1.0.0","@types/to-regex":"^3.0.0","@types/to-regex-range":"^5.0.0","@types/tough-cookie":"^4.0.1","@types/trim":"^0.1.1","@types/tryer":"^1.0.2","@types/type-check":"^0.3.27","@types/type-detect":"^4.0.1","@types/type-is":"^1.6.3","@types/uniq":"^0.0.27","@types/universalify":"^1.0.0","@types/urix":"^0.1.0","@types/url-parse":"^1.4.4","@types/use-subscription":"^1.0.0","@types/util-deprecate":"^1.0.0","@types/util.promisify":"^1.0.4","@types/utils-merge":"^0.0.28","@types/uuid":"^8.3.1","@types/validate-npm-package-license":"^3.0.1","@types/vary":"^1.1.0","@types/verror":"^1.10.5","@types/w3c-hr-time":"^1.0.0","@types/w3c-xmlserializer":"^2.0.2","@types/warning":"^3.0.0","@types/watchpack":"^1.1.7","@types/webidl-conversions":"^6.1.1","@types/webpack":"^5.28.0","@types/webpack-dev-middleware":"^5.0.2","@types/webpack-dev-server":"^4.3.1","@types/webpack-hot-middleware":"^2.25.5","@types/webpack-manifest-plugin":"^3.0.5","@types/webpack-sources":"^3.2.0","@types/webpack-virtual-modules":"^0.1.1","@types/whatwg-encoding":"^1.0.0","@types/whatwg-mimetype":"^2.1.1","@types/whatwg-url":"^8.2.1","@types/which":"^2.0.1","@types/workbox-build":"^5.0.1","@types/workbox-sw":"^4.3.2","@types/workbox-webpack-plugin":"^5.1.8","@types/wrap-ansi":"^8.0.1","@types/write-file-atomic":"^3.0.2","@types/ws":"^8.2.0","@types/xtend":"^4.0.4","@types/yallist":"^4.0.1","@types/yargs":"^17.0.5","@types/yargs-parser":"^20.2.1"}}
[10:27:28.376] Loaded content of 'C:/Users/Admin/AppData/Local/Microsoft/TypeScript/4.4/package-lock.json'
[10:27:28.395] Adding entry into typings cache: 'abbrev' => 'C:/Users/Admin/AppData/Local/Microsoft/TypeScript/4.4/node_modules/@types/abbrev/index.d.ts'
[10:27:28.403] Adding entry into typings cache: 'accepts' => 'C:/Users/Admin/AppData/Local/Microsoft/TypeScript/4.4/node_modules/@types/accepts/index.d.ts'
[10:27:28.407] Adding entry into typings cache: 'app-root-dir' => 'C:/Users/Admin/AppData/Local/Microsoft/TypeScript/4.4/node_modules/@types/app-root-dir/index.d.ts'
[10:27:28.411] Adding entry into typings cache: 'are-we-there-yet' => 'C:/Users/Admin/AppData/Local/Microsoft/TypeScript/4.4/node_modules/@types/are-we-there-yet/index.d.ts'
[10:27:28.415] Adding entry into typings cache: 'argparse' => 'C:/Users/Admin/AppData/Local/Microsoft/TypeScript/4.4/node_modules/@types/argparse/index.d.ts'
[10:27:28.420] Adding entry into typings cache: 'aria-query' => 'C:/Users/Admin/AppData/Local/Microsoft/TypeScript/4.4/node_modules/@types/aria-query/index.d.ts'
[10:27:28.428] Adding entry into typings cache: 'arr-diff' => 'C:/Users/Admin/AppData/Local/Microsoft/TypeScript/4.4/node_modules/@types/arr-diff/index.d.ts'
[10:27:28.435] Adding entry into typings cache: 'arr-union' => 'C:/Users/Admin/AppData/Local/Microsoft/TypeScript/4.4/node_modules/@types/arr-union/index.d.ts'
[10:27:28.443] Adding entry into typings cache: 'array-unique' => 'C:/Users/Admin/AppData/Local/Microsoft/TypeScript/4.4/node_modules/@types/array-unique/index.d.ts'
[10:27:28.447] Adding entry into typings cache: 'array.prototype.flat' => 'C:/Users/Admin/AppData/Local/Microsoft/TypeScript/4.4/node_modules/@types/array.prototype.flat/index.d.ts'
[10:27:28.450] Adding entry into typings cache: 'array.prototype.flatmap' => 'C:/Users/Admin/AppData/Local/Microsoft/TypeScript/4.4/node_modules/@types/array.prototype.flatmap/index.d.ts'
[10:27:28.453] Adding entry into typings cache: 'asap' => 'C:/Users/Admin/AppData/Local/Microsoft/TypeScript/4.4/node_modules/@types/asap/index.d.ts'
[10:27:28.456] Adding entry into typings cache: 'asn1' => 'C:/Users/Admin/AppData/Local/Microsoft/TypeScript/4.4/node_modules/@types/asn1/index.d.ts'
[10:27:28.459] Adding entry into typings cache: 'assert' => 'C:/Users/Admin/AppData/Local/Microsoft/TypeScript/4.4/node_modules/@types/assert/index.d.ts'
[10:27:28.462] Adding entry into typings cache: 'assert-plus' => 'C:/Users/Admin/AppData/Local/Microsoft/TypeScript/4.4/node_modules/@types/assert-plus/index.d.ts'
[10:27:28.466] Adding entry into typings cache: 'async' => 'C:/Users/Admin/AppData/Local/Microsoft/TypeScript/4.4/node_modules/@types/async/index.d.ts'
[10:27:28.474] Adding entry into typings cache: 'atob' => 'C:/Users/Admin/AppData/Local/Microsoft/TypeScript/4.4/node_modules/@types/atob/index.d.ts'
[10:27:28.478] Adding entry into typings cache: 'aws4' => 'C:/Users/Admin/AppData/Local/Microsoft/TypeScript/4.4/node_modules/@types/aws4/index.d.ts'
[10:27:28.486] Adding entry into typings cache: 'babel-plugin-macros' => 'C:/Users/Admin/AppData/Local/Microsoft/TypeScript/4.4/node_modules/@types/babel-plugin-macros/index.d.ts'
[10:27:28.489] Adding entry into typings cache: 'babel-plugin-syntax-jsx' => 'C:/Users/Admin/AppData/Local/Microsoft/TypeScript/4.4/node_modules/@types/babel-plugin-syntax-jsx/index.d.ts'
[10:27:28.492] Adding entry into typings cache: 'babylon' => 'C:/Users/Admin/AppData/Local/Microsoft/TypeScript/4.4/node_modules/@types/babylon/index.d.ts'
[10:27:28.496] Adding entry into typings cache: 'balanced-match' => 'C:/Users/Admin/AppData/Local/Microsoft/TypeScript/4.4/node_modules/@types/balanced-match/index.d.ts'
[10:27:28.500] Adding entry into typings cache: 'big.js' => 'C:/Users/Admin/AppData/Local/Microsoft/TypeScript/4.4/node_modules/@types/big.js/index.d.ts'
[10:27:28.505] Adding entry into typings cache: 'bluebird' => 'C:/Users/Admin/AppData/Local/Microsoft/TypeScript/4.4/node_modules/@types/bluebird/index.d.ts'
[10:27:28.509] Adding entry into typings cache: 'bn.js' => 'C:/Users/Admin/AppData/Local/Microsoft/TypeScript/4.4/node_modules/@types/bn.js/index.d.ts'
[10:27:28.513] Adding entry into typings cache: 'body-parser' => 'C:/Users/Admin/AppData/Local/Microsoft/TypeScript/4.4/node_modules/@types/body-parser/index.d.ts'
[10:27:28.516] Adding entry into typings cache: 'bonjour' => 'C:/Users/Admin/AppData/Local/Microsoft/TypeScript/4.4/node_modules/@types/bonjour/index.d.ts'
[10:27:28.520] Adding entry into typings cache: 'boolbase' => 'C:/Users/Admin/AppData/Local/Microsoft/TypeScript/4.4/node_modules/@types/boolbase/index.d.ts'
[10:27:28.523] Adding entry into typings cache: 'brace-expansion' => 'C:/Users/Admin/AppData/Local/Microsoft/TypeScript/4.4/node_modules/@types/brace-expansion/index.d.ts'
[10:27:28.528] Adding entry into typings cache: 'braces' => 'C:/Users/Admin/AppData/Local/Microsoft/TypeScript/4.4/node_modules/@types/braces/index.d.ts'
[10:27:28.531] Adding entry into typings cache: 'brorand' => 'C:/Users/Admin/AppData/Local/Microsoft/TypeScript/4.4/node_modules/@types/brorand/index.d.ts'
[10:27:28.534] Adding entry into typings cache: 'browser-sync' => 'C:/Users/Admin/AppData/Local/Microsoft/TypeScript/4.4/node_modules/@types/browser-sync/index.d.ts'
[10:27:28.537] Adding entry into typings cache: 'bser' => 'C:/Users/Admin/AppData/Local/Microsoft/TypeScript/4.4/node_modules/@types/bser/index.d.ts'
[10:27:28.541] Adding entry into typings cache: 'buffer-from' => 'C:/Users/Admin/AppData/Local/Microsoft/TypeScript/4.4/node_modules/@types/buffer-from/index.d.ts'
[10:27:28.546] Adding entry into typings cache: 'buffer-xor' => 'C:/Users/Admin/AppData/Local/Microsoft/TypeScript/4.4/node_modules/@types/buffer-xor/index.d.ts'
[10:27:28.549] Adding entry into typings cache: 'bytes' => 'C:/Users/Admin/AppData/Local/Microsoft/TypeScript/4.4/node_modules/@types/bytes/index.d.ts'
[10:27:28.553] Adding entry into typings cache: 'cacache' => 'C:/Users/Admin/AppData/Local/Microsoft/TypeScript/4.4/node_modules/@types/cacache/index.d.ts'
[10:27:28.558] Adding entry into typings cache: 'call-bind' => 'C:/Users/Admin/AppData/Local/Microsoft/TypeScript/4.4/node_modules/@types/call-bind/index.d.ts'
[10:27:28.560] Adding entry into typings cache: 'camelcase-css' => 'C:/Users/Admin/AppData/Local/Microsoft/TypeScript/4.4/node_modules/@types/camelcase-css/index.d.ts'
[10:27:28.563] Adding entry into typings cache: 'caniuse-api' => 'C:/Users/Admin/AppData/Local/Microsoft/TypeScript/4.4/node_modules/@types/caniuse-api/index.d.ts'
[10:27:28.568] Adding entry into typings cache: 'caniuse-lite' => 'C:/Users/Admin/AppData/Local/Microsoft/TypeScript/4.4/node_modules/@types/caniuse-lite/index.d.ts'
[10:27:28.572] Adding entry into typings cache: 'case-sensitive-paths-webpack-plugin' => 'C:/Users/Admin/AppData/Local/Microsoft/TypeScript/4.4/node_modules/@types/case-sensitive-paths-webpack-plugin/index.d.ts'
[10:27:28.575] Adding entry into typings cache: 'caseless' => 'C:/Users/Admin/AppData/Local/Microsoft/TypeScript/4.4/node_modules/@types/caseless/index.d.ts'
[10:27:28.578] Adding entry into typings cache: 'check-types' => 'C:/Users/Admin/AppData/Local/Microsoft/TypeScript/4.4/node_modules/@types/check-types/index.d.ts'
[10:27:28.580] Adding entry into typings cache: 'chownr' => 'C:/Users/Admin/AppData/Local/Microsoft/TypeScript/4.4/node_modules/@types/chownr/index.d.ts'
[10:27:28.583] Adding entry into typings cache: 'cipher-base' => 'C:/Users/Admin/AppData/Local/Microsoft/TypeScript/4.4/node_modules/@types/cipher-base/index.d.ts'
[10:27:28.588] Adding entry into typings cache: 'clean-css' => 'C:/Users/Admin/AppData/Local/Microsoft/TypeScript/4.4/node_modules/@types/clean-css/index.d.ts'
[10:27:28.592] Adding entry into typings cache: 'clone-deep' => 'C:/Users/Admin/AppData/Local/Microsoft/TypeScript/4.4/node_modules/@types/clone-deep/index.d.ts'
[10:27:28.597] Adding entry into typings cache: 'co' => 'C:/Users/Admin/AppData/Local/Microsoft/TypeScript/4.4/node_modules/@types/co/index.d.ts'
[10:27:28.600] Adding entry into typings cache: 'color' => 'C:/Users/Admin/AppData/Local/Microsoft/TypeScript/4.4/node_modules/@types/color/index.d.ts'
[10:27:28.606] Adding entry into typings cache: 'color-convert' => 'C:/Users/Admin/AppData/Local/Microsoft/TypeScript/4.4/node_modules/@types/color-convert/index.d.ts'
[10:27:28.611] Adding entry into typings cache: 'color-name' => 'C:/Users/Admin/AppData/Local/Microsoft/TypeScript/4.4/node_modules/@types/color-name/index.d.ts'
[10:27:28.614] Adding entry into typings cache: 'color-string' => 'C:/Users/Admin/AppData/Local/Microsoft/TypeScript/4.4/node_modules/@types/color-string/index.d.ts'
[10:27:28.619] Adding entry into typings cache: 'combined-stream' => 'C:/Users/Admin/AppData/Local/Microsoft/TypeScript/4.4/node_modules/@types/combined-stream/index.d.ts'
[10:27:28.622] Adding entry into typings cache: 'common-tags' => 'C:/Users/Admin/AppData/Local/Microsoft/TypeScript/4.4/node_modules/@types/common-tags/index.d.ts'
[10:27:28.625] Adding entry into typings cache: 'commondir' => 'C:/Users/Admin/AppData/Local/Microsoft/TypeScript/4.4/node_modules/@types/commondir/index.d.ts'
[10:27:28.630] Adding entry into typings cache: 'component-emitter' => 'C:/Users/Admin/AppData/Local/Microsoft/TypeScript/4.4/node_modules/@types/component-emitter/index.d.ts'
[10:27:28.633] Adding entry into typings cache: 'compose-function' => 'C:/Users/Admin/AppData/Local/Microsoft/TypeScript/4.4/node_modules/@types/compose-function/index.d.ts'
[10:27:28.636] Adding entry into typings cache: 'compressible' => 'C:/Users/Admin/AppData/Local/Microsoft/TypeScript/4.4/node_modules/@types/compressible/index.d.ts'
[10:27:28.640] Adding entry into typings cache: 'compression' => 'C:/Users/Admin/AppData/Local/Microsoft/TypeScript/4.4/node_modules/@types/compression/index.d.ts'
[10:27:28.644] Adding entry into typings cache: 'concat-map' => 'C:/Users/Admin/AppData/Local/Microsoft/TypeScript/4.4/node_modules/@types/concat-map/index.d.ts'
[10:27:28.647] Adding entry into typings cache: 'concat-stream' => 'C:/Users/Admin/AppData/Local/Microsoft/TypeScript/4.4/node_modules/@types/concat-stream/index.d.ts'
[10:27:28.649] Adding entry into typings cache: 'confusing-browser-globals' => 'C:/Users/Admin/AppData/Local/Microsoft/TypeScript/4.4/node_modules/@types/confusing-browser-globals/index.d.ts'
[10:27:28.654] Adding entry into typings cache: 'connect-history-api-fallback' => 'C:/Users/Admin/AppData/Local/Microsoft/TypeScript/4.4/node_modules/@types/connect-history-api-fallback/index.d.ts'
[10:27:28.657] Adding entry into typings cache: 'content-disposition' => 'C:/Users/Admin/AppData/Local/Microsoft/TypeScript/4.4/node_modules/@types/content-disposition/index.d.ts'
[10:27:28.664] Adding entry into typings cache: 'content-type' => 'C:/Users/Admin/AppData/Local/Microsoft/TypeScript/4.4/node_modules/@types/content-type/index.d.ts'
[10:27:28.667] Adding entry into typings cache: 'convert-source-map' => 'C:/Users/Admin/AppData/Local/Microsoft/TypeScript/4.4/node_modules/@types/convert-source-map/index.d.ts'
[10:27:28.670] Adding entry into typings cache: 'cookie' => 'C:/Users/Admin/AppData/Local/Microsoft/TypeScript/4.4/node_modules/@types/cookie/index.d.ts'
[10:27:28.673] Adding entry into typings cache: 'cookie-signature' => 'C:/Users/Admin/AppData/Local/Microsoft/TypeScript/4.4/node_modules/@types/cookie-signature/index.d.ts'
[10:27:28.675] Adding entry into typings cache: 'core-js' => 'C:/Users/Admin/AppData/Local/Microsoft/TypeScript/4.4/node_modules/@types/core-js/index.d.ts'
[10:27:28.678] Adding entry into typings cache: 'create-hash' => 'C:/Users/Admin/AppData/Local/Microsoft/TypeScript/4.4/node_modules/@types/create-hash/index.d.ts'
[10:27:28.681] Adding entry into typings cache: 'create-hmac' => 'C:/Users/Admin/AppData/Local/Microsoft/TypeScript/4.4/node_modules/@types/create-hmac/index.d.ts'
[10:27:28.684] Adding entry into typings cache: 'cross-spawn' => 'C:/Users/Admin/AppData/Local/Microsoft/TypeScript/4.4/node_modules/@types/cross-spawn/index.d.ts'
[10:27:28.687] Adding entry into typings cache: 'css' => 'C:/Users/Admin/AppData/Local/Microsoft/TypeScript/4.4/node_modules/@types/css/index.d.ts'
[10:27:28.690] Adding entry into typings cache: 'css-declaration-sorter' => 'C:/Users/Admin/AppData/Local/Microsoft/TypeScript/4.4/node_modules/@types/css-declaration-sorter/index.d.ts'
[10:27:28.693] Adding entry into typings cache: 'css-tree' => 'C:/Users/Admin/AppData/Local/Microsoft/TypeScript/4.4/node_modules/@types/css-tree/index.d.ts'
[10:27:28.696] Adding entry into typings cache: 'cssesc' => 'C:/Users/Admin/AppData/Local/Microsoft/TypeScript/4.4/node_modules/@types/cssesc/index.d.ts'
[10:27:28.699] Adding entry into typings cache: 'cssnano' => 'C:/Users/Admin/AppData/Local/Microsoft/TypeScript/4.4/node_modules/@types/cssnano/index.d.ts'
[10:27:28.702] Adding entry into typings cache: 'csso' => 'C:/Users/Admin/AppData/Local/Microsoft/TypeScript/4.4/node_modules/@types/csso/index.d.ts'
[10:27:28.705] Adding entry into typings cache: 'cssom' => 'C:/Users/Admin/AppData/Local/Microsoft/TypeScript/4.4/node_modules/@types/cssom/index.d.ts'
[10:27:28.707] Adding entry into typings cache: 'cssstyle' => 'C:/Users/Admin/AppData/Local/Microsoft/TypeScript/4.4/node_modules/@types/cssstyle/index.d.ts'
[10:27:28.711] Adding entry into typings cache: 'd' => 'C:/Users/Admin/AppData/Local/Microsoft/TypeScript/4.4/node_modules/@types/d/index.d.ts'
[10:27:28.714] Adding entry into typings cache: 'damerau-levenshtein' => 'C:/Users/Admin/AppData/Local/Microsoft/TypeScript/4.4/node_modules/@types/damerau-levenshtein/index.d.ts'
[10:27:28.717] Adding entry into typings cache: 'dashdash' => 'C:/Users/Admin/AppData/Local/Microsoft/TypeScript/4.4/node_modules/@types/dashdash/index.d.ts'
[10:27:28.721] Adding entry into typings cache: 'data-urls' => 'C:/Users/Admin/AppData/Local/Microsoft/TypeScript/4.4/node_modules/@types/data-urls/index.d.ts'
[10:27:28.727] Adding entry into typings cache: 'debug' => 'C:/Users/Admin/AppData/Local/Microsoft/TypeScript/4.4/node_modules/@types/debug/index.d.ts'
[10:27:28.734] Adding entry into typings cache: 'decode-uri-component' => 'C:/Users/Admin/AppData/Local/Microsoft/TypeScript/4.4/node_modules/@types/decode-uri-component/index.d.ts'
[10:27:28.737] Adding entry into typings cache: 'dedent' => 'C:/Users/Admin/AppData/Local/Microsoft/TypeScript/4.4/node_modules/@types/dedent/index.d.ts'
[10:27:28.740] Adding entry into typings cache: 'deep-equal' => 'C:/Users/Admin/AppData/Local/Microsoft/TypeScript/4.4/node_modules/@types/deep-equal/index.d.ts'
[10:27:28.743] Adding entry into typings cache: 'default-gateway' => 'C:/Users/Admin/AppData/Local/Microsoft/TypeScript/4.4/node_modules/@types/default-gateway/index.d.ts'
[10:27:28.745] Adding entry into typings cache: 'define-properties' => 'C:/Users/Admin/AppData/Local/Microsoft/TypeScript/4.4/node_modules/@types/define-properties/index.d.ts'
[10:27:28.749] Adding entry into typings cache: 'depd' => 'C:/Users/Admin/AppData/Local/Microsoft/TypeScript/4.4/node_modules/@types/depd/index.d.ts'
[10:27:28.753] Adding entry into typings cache: 'destroy' => 'C:/Users/Admin/AppData/Local/Microsoft/TypeScript/4.4/node_modules/@types/destroy/index.d.ts'
[10:27:28.756] Adding entry into typings cache: 'detect-node' => 'C:/Users/Admin/AppData/Local/Microsoft/TypeScript/4.4/node_modules/@types/detect-node/index.d.ts'
[10:27:28.758] Adding entry into typings cache: 'detect-port' => 'C:/Users/Admin/AppData/Local/Microsoft/TypeScript/4.4/node_modules/@types/detect-port/index.d.ts'
[10:27:28.761] Adding entry into typings cache: 'diffie-hellman' => 'C:/Users/Admin/AppData/Local/Microsoft/TypeScript/4.4/node_modules/@types/diffie-hellman/index.d.ts'
[10:27:28.764] Adding entry into typings cache: 'dir-glob' => 'C:/Users/Admin/AppData/Local/Microsoft/TypeScript/4.4/node_modules/@types/dir-glob/index.d.ts'
[10:27:28.766] Adding entry into typings cache: 'dns-packet' => 'C:/Users/Admin/AppData/Local/Microsoft/TypeScript/4.4/node_modules/@types/dns-packet/index.d.ts'
[10:27:28.769] Adding entry into typings cache: 'doctrine' => 'C:/Users/Admin/AppData/Local/Microsoft/TypeScript/4.4/node_modules/@types/doctrine/index.d.ts'
[10:27:28.772] Adding entry into typings cache: 'domexception' => 'C:/Users/Admin/AppData/Local/Microsoft/TypeScript/4.4/node_modules/@types/domexception/index.d.ts'
[10:27:28.775] Adding entry into typings cache: 'dotenv-defaults' => 'C:/Users/Admin/AppData/Local/Microsoft/TypeScript/4.4/node_modules/@types/dotenv-defaults/index.d.ts'
[10:27:28.778] Adding entry into typings cache: 'duplexify' => 'C:/Users/Admin/AppData/Local/Microsoft/TypeScript/4.4/node_modules/@types/duplexify/index.d.ts'
[10:27:28.782] Adding entry into typings cache: 'ee-first' => 'C:/Users/Admin/AppData/Local/Microsoft/TypeScript/4.4/node_modules/@types/ee-first/index.d.ts'
[10:27:28.785] Adding entry into typings cache: 'ejs' => 'C:/Users/Admin/AppData/Local/Microsoft/TypeScript/4.4/node_modules/@types/ejs/index.d.ts'
[10:27:28.788] Adding entry into typings cache: 'element-resize-detector' => 'C:/Users/Admin/AppData/Local/Microsoft/TypeScript/4.4/node_modules/@types/element-resize-detector/index.d.ts'
[10:27:28.791] Adding entry into typings cache: 'elliptic' => 'C:/Users/Admin/AppData/Local/Microsoft/TypeScript/4.4/node_modules/@types/elliptic/index.d.ts'
[10:27:28.795] Adding entry into typings cache: 'encodeurl' => 'C:/Users/Admin/AppData/Local/Microsoft/TypeScript/4.4/node_modules/@types/encodeurl/index.d.ts'
[10:27:28.800] Adding entry into typings cache: 'end-of-stream' => 'C:/Users/Admin/AppData/Local/Microsoft/TypeScript/4.4/node_modules/@types/end-of-stream/index.d.ts'
[10:27:28.803] Adding entry into typings cache: 'enhanced-resolve' => 'C:/Users/Admin/AppData/Local/Microsoft/TypeScript/4.4/node_modules/enhanced-resolve/types.d.ts'
[10:27:28.806] Adding entry into typings cache: 'es-abstract' => 'C:/Users/Admin/AppData/Local/Microsoft/TypeScript/4.4/node_modules/@types/es-abstract/index.d.ts'
[10:27:28.809] Adding entry into typings cache: 'es-get-iterator' => 'C:/Users/Admin/AppData/Local/Microsoft/TypeScript/4.4/node_modules/@types/es-get-iterator/index.d.ts'
[10:27:28.812] Adding entry into typings cache: 'es-to-primitive' => 'C:/Users/Admin/AppData/Local/Microsoft/TypeScript/4.4/node_modules/@types/es-to-primitive/index.d.ts'
[10:27:28.815] Adding entry into typings cache: 'es6-shim' => 'C:/Users/Admin/AppData/Local/Microsoft/TypeScript/4.4/node_modules/@types/es6-shim/index.d.ts'
[10:27:28.818] Adding entry into typings cache: 'escape-html' => 'C:/Users/Admin/AppData/Local/Microsoft/TypeScript/4.4/node_modules/@types/escape-html/index.d.ts'
[10:27:28.821] Adding entry into typings cache: 'escodegen' => 'C:/Users/Admin/AppData/Local/Microsoft/TypeScript/4.4/node_modules/@types/escodegen/index.d.ts'
[10:27:28.824] Adding entry into typings cache: 'eslint' => 'C:/Users/Admin/AppData/Local/Microsoft/TypeScript/4.4/node_modules/@types/eslint/index.d.ts'
[10:27:28.833] Adding entry into typings cache: 'eslint-scope' => 'C:/Users/Admin/AppData/Local/Microsoft/TypeScript/4.4/node_modules/@types/eslint-scope/index.d.ts'
[10:27:28.837] Adding entry into typings cache: 'eslint-utils' => 'C:/Users/Admin/AppData/Local/Microsoft/TypeScript/4.4/node_modules/@types/eslint-utils/index.d.ts'
[10:27:28.839] Adding entry into typings cache: 'eslint-visitor-keys' => 'C:/Users/Admin/AppData/Local/Microsoft/TypeScript/4.4/node_modules/@types/eslint-visitor-keys/index.d.ts'
[10:27:28.842] Adding entry into typings cache: 'esm' => 'C:/Users/Admin/AppData/Local/Microsoft/TypeScript/4.4/node_modules/@types/esm/index.d.ts'
[10:27:28.846] Adding entry into typings cache: 'esprima' => 'C:/Users/Admin/AppData/Local/Microsoft/TypeScript/4.4/node_modules/@types/esprima/index.d.ts'
[10:27:28.855] Adding entry into typings cache: 'esquery' => 'C:/Users/Admin/AppData/Local/Microsoft/TypeScript/4.4/node_modules/@types/esquery/index.d.ts'
[10:27:28.860] Adding entry into typings cache: 'estraverse' => 'C:/Users/Admin/AppData/Local/Microsoft/TypeScript/4.4/node_modules/@types/estraverse/index.d.ts'
[10:27:28.863] Adding entry into typings cache: 'esutils' => 'C:/Users/Admin/AppData/Local/Microsoft/TypeScript/4.4/node_modules/@types/esutils/index.d.ts'
[10:27:28.865] Adding entry into typings cache: 'etag' => 'C:/Users/Admin/AppData/Local/Microsoft/TypeScript/4.4/node_modules/@types/etag/index.d.ts'
[10:27:28.873] Adding entry into typings cache: 'events' => 'C:/Users/Admin/AppData/Local/Microsoft/TypeScript/4.4/node_modules/@types/events/index.d.ts'
[10:27:28.876] Adding entry into typings cache: 'eventsource' => 'C:/Users/Admin/AppData/Local/Microsoft/TypeScript/4.4/node_modules/@types/eventsource/index.d.ts'
[10:27:28.878] Adding entry into typings cache: 'exit' => 'C:/Users/Admin/AppData/Local/Microsoft/TypeScript/4.4/node_modules/@types/exit/index.d.ts'
[10:27:28.882] Adding entry into typings cache: 'express' => 'C:/Users/Admin/AppData/Local/Microsoft/TypeScript/4.4/node_modules/@types/express/index.d.ts'
[10:27:28.885] Adding entry into typings cache: 'extend' => 'C:/Users/Admin/AppData/Local/Microsoft/TypeScript/4.4/node_modules/@types/extend/index.d.ts'
[10:27:28.888] Adding entry into typings cache: 'extsprintf' => 'C:/Users/Admin/AppData/Local/Microsoft/TypeScript/4.4/node_modules/@types/extsprintf/index.d.ts'
[10:27:28.891] Adding entry into typings cache: 'fast-levenshtein' => 'C:/Users/Admin/AppData/Local/Microsoft/TypeScript/4.4/node_modules/@types/fast-levenshtein/index.d.ts'
[10:27:28.893] Adding entry into typings cache: 'fb-watchman' => 'C:/Users/Admin/AppData/Local/Microsoft/TypeScript/4.4/node_modules/@types/fb-watchman/index.d.ts'
[10:27:28.896] Adding entry into typings cache: 'file-entry-cache' => 'C:/Users/Admin/AppData/Local/Microsoft/TypeScript/4.4/node_modules/@types/file-entry-cache/index.d.ts'
[10:27:28.898] Adding entry into typings cache: 'file-loader' => 'C:/Users/Admin/AppData/Local/Microsoft/TypeScript/4.4/node_modules/@types/file-loader/index.d.ts'
[10:27:28.901] Adding entry into typings cache: 'fill-range' => 'C:/Users/Admin/AppData/Local/Microsoft/TypeScript/4.4/node_modules/@types/fill-range/index.d.ts'
[10:27:28.904] Adding entry into typings cache: 'finalhandler' => 'C:/Users/Admin/AppData/Local/Microsoft/TypeScript/4.4/node_modules/@types/finalhandler/index.d.ts'
[10:27:28.906] Adding entry into typings cache: 'find-cache-dir' => 'C:/Users/Admin/AppData/Local/Microsoft/TypeScript/4.4/node_modules/@types/find-cache-dir/index.d.ts'
[10:27:28.908] Adding entry into typings cache: 'find-root' => 'C:/Users/Admin/AppData/Local/Microsoft/TypeScript/4.4/node_modules/@types/find-root/index.d.ts'
[10:27:28.912] Adding entry into typings cache: 'flat-cache' => 'C:/Users/Admin/AppData/Local/Microsoft/TypeScript/4.4/node_modules/@types/flat-cache/index.d.ts'
[10:27:28.915] Adding entry into typings cache: 'flush-write-stream' => 'C:/Users/Admin/AppData/Local/Microsoft/TypeScript/4.4/node_modules/@types/flush-write-stream/index.d.ts'
[10:27:28.920] Adding entry into typings cache: 'follow-redirects' => 'C:/Users/Admin/AppData/Local/Microsoft/TypeScript/4.4/node_modules/@types/follow-redirects/index.d.ts'
[10:27:28.923] Adding entry into typings cache: 'foreach' => 'C:/Users/Admin/AppData/Local/Microsoft/TypeScript/4.4/node_modules/@types/foreach/index.d.ts'
[10:27:28.926] Adding entry into typings cache: 'forever-agent' => 'C:/Users/Admin/AppData/Local/Microsoft/TypeScript/4.4/node_modules/@types/forever-agent/index.d.ts'
[10:27:28.929] Adding entry into typings cache: 'forwarded' => 'C:/Users/Admin/AppData/Local/Microsoft/TypeScript/4.4/node_modules/@types/forwarded/index.d.ts'
[10:27:28.932] Adding entry into typings cache: 'fresh' => 'C:/Users/Admin/AppData/Local/Microsoft/TypeScript/4.4/node_modules/@types/fresh/index.d.ts'
[10:27:28.935] Adding entry into typings cache: 'from2' => 'C:/Users/Admin/AppData/Local/Microsoft/TypeScript/4.4/node_modules/@types/from2/index.d.ts'
[10:27:28.939] Adding entry into typings cache: 'fs-extra' => 'C:/Users/Admin/AppData/Local/Microsoft/TypeScript/4.4/node_modules/@types/fs-extra/index.d.ts'
[10:27:28.941] Adding entry into typings cache: 'function-bind' => 'C:/Users/Admin/AppData/Local/Microsoft/TypeScript/4.4/node_modules/@types/function-bind/index.d.ts'
[10:27:28.944] Adding entry into typings cache: 'functional-red-black-tree' => 'C:/Users/Admin/AppData/Local/Microsoft/TypeScript/4.4/node_modules/@types/functional-red-black-tree/index.d.ts'
[10:27:28.946] Adding entry into typings cache: 'gaze' => 'C:/Users/Admin/AppData/Local/Microsoft/TypeScript/4.4/node_modules/@types/gaze/index.d.ts'
[10:27:28.951] Adding entry into typings cache: 'get-intrinsic' => 'C:/Users/Admin/AppData/Local/Microsoft/TypeScript/4.4/node_modules/@types/get-intrinsic/index.d.ts'
[10:27:28.956] Adding entry into typings cache: 'get-value' => 'C:/Users/Admin/AppData/Local/Microsoft/TypeScript/4.4/node_modules/@types/get-value/index.d.ts'
[10:27:28.961] Adding entry into typings cache: 'getpass' => 'C:/Users/Admin/AppData/Local/Microsoft/TypeScript/4.4/node_modules/@types/getpass/index.d.ts'
[10:27:28.965] Adding entry into typings cache: 'github-slugger' => 'C:/Users/Admin/AppData/Local/Microsoft/TypeScript/4.4/node_modules/@types/github-slugger/index.d.ts'
[10:27:28.969] Adding entry into typings cache: 'glob' => 'C:/Users/Admin/AppData/Local/Microsoft/TypeScript/4.4/node_modules/@types/glob/index.d.ts'
[10:27:28.972] Adding entry into typings cache: 'glob-base' => 'C:/Users/Admin/AppData/Local/Microsoft/TypeScript/4.4/node_modules/@types/glob-base/index.d.ts'
[10:27:28.976] Adding entry into typings cache: 'glob-parent' => 'C:/Users/Admin/AppData/Local/Microsoft/TypeScript/4.4/node_modules/@types/glob-parent/index.d.ts'
[10:27:28.980] Adding entry into typings cache: 'glob-to-regexp' => 'C:/Users/Admin/AppData/Local/Microsoft/TypeScript/4.4/node_modules/@types/glob-to-regexp/index.d.ts'
[10:27:28.984] Adding entry into typings cache: 'global-modules' => 'C:/Users/Admin/AppData/Local/Microsoft/TypeScript/4.4/node_modules/@types/global-modules/index.d.ts'
[10:27:28.986] Adding entry into typings cache: 'global-prefix' => 'C:/Users/Admin/AppData/Local/Microsoft/TypeScript/4.4/node_modules/@types/global-prefix/index.d.ts'
[10:27:28.989] Adding entry into typings cache: 'globalthis' => 'C:/Users/Admin/AppData/Local/Microsoft/TypeScript/4.4/node_modules/@types/globalthis/index.d.ts'
[10:27:28.991] Adding entry into typings cache: 'globule' => 'C:/Users/Admin/AppData/Local/Microsoft/TypeScript/4.4/node_modules/@types/globule/index.d.ts'
[10:27:28.995] Adding entry into typings cache: 'graceful-fs' => 'C:/Users/Admin/AppData/Local/Microsoft/TypeScript/4.4/node_modules/@types/graceful-fs/index.d.ts'
[10:27:28.998] Adding entry into typings cache: 'gulp' => 'C:/Users/Admin/AppData/Local/Microsoft/TypeScript/4.4/node_modules/@types/gulp/index.d.ts'
[10:27:29.001] Adding entry into typings cache: 'gulp-autoprefixer' => 'C:/Users/Admin/AppData/Local/Microsoft/TypeScript/4.4/node_modules/@types/gulp-autoprefixer/index.d.ts'
[10:27:29.004] Adding entry into typings cache: 'gulp-clean-css' => 'C:/Users/Admin/AppData/Local/Microsoft/TypeScript/4.4/node_modules/@types/gulp-clean-css/index.d.ts'
[10:27:29.006] Adding entry into typings cache: 'gulp-sass' => 'C:/Users/Admin/AppData/Local/Microsoft/TypeScript/4.4/node_modules/@types/gulp-sass/index.d.ts'
[10:27:29.009] Adding entry into typings cache: 'has' => 'C:/Users/Admin/AppData/Local/Microsoft/TypeScript/4.4/node_modules/@types/has/index.d.ts'
[10:27:29.011] Adding entry into typings cache: 'has-ansi' => 'C:/Users/Admin/AppData/Local/Microsoft/TypeScript/4.4/node_modules/@types/has-ansi/index.d.ts'
[10:27:29.014] Adding entry into typings cache: 'has-symbols' => 'C:/Users/Admin/AppData/Local/Microsoft/TypeScript/4.4/node_modules/@types/has-symbols/index.d.ts'
[10:27:29.018] Adding entry into typings cache: 'he' => 'C:/Users/Admin/AppData/Local/Microsoft/TypeScript/4.4/node_modules/@types/he/index.d.ts'
[10:27:29.023] Adding entry into typings cache: 'hex-color-regex' => 'C:/Users/Admin/AppData/Local/Microsoft/TypeScript/4.4/node_modules/@types/hex-color-regex/index.d.ts'
[10:27:29.029] Adding entry into typings cache: 'hoist-non-react-statics' => 'C:/Users/Admin/AppData/Local/Microsoft/TypeScript/4.4/node_modules/@types/hoist-non-react-statics/index.d.ts'
[10:27:29.032] Adding entry into typings cache: 'hosted-git-info' => 'C:/Users/Admin/AppData/Local/Microsoft/TypeScript/4.4/node_modules/@types/hosted-git-info/index.d.ts'
[10:27:29.035] Adding entry into typings cache: 'html-encoding-sniffer' => 'C:/Users/Admin/AppData/Local/Microsoft/TypeScript/4.4/node_modules/@types/html-encoding-sniffer/index.d.ts'
[10:27:29.037] Adding entry into typings cache: 'html-escaper' => 'C:/Users/Admin/AppData/Local/Microsoft/TypeScript/4.4/node_modules/@types/html-escaper/index.d.ts'
[10:27:29.039] Adding entry into typings cache: 'html-minifier-terser' => 'C:/Users/Admin/AppData/Local/Microsoft/TypeScript/4.4/node_modules/@types/html-minifier-terser/index.d.ts'
[10:27:29.042] Adding entry into typings cache: 'http-errors' => 'C:/Users/Admin/AppData/Local/Microsoft/TypeScript/4.4/node_modules/@types/http-errors/index.d.ts'
[10:27:29.047] Adding entry into typings cache: 'http-proxy' => 'C:/Users/Admin/AppData/Local/Microsoft/TypeScript/4.4/node_modules/@types/http-proxy/index.d.ts'
[10:27:29.051] Adding entry into typings cache: 'icss-utils' => 'C:/Users/Admin/AppData/Local/Microsoft/TypeScript/4.4/node_modules/@types/icss-utils/index.d.ts'
[10:27:29.053] Adding entry into typings cache: 'iferr' => 'C:/Users/Admin/AppData/Local/Microsoft/TypeScript/4.4/node_modules/@types/iferr/index.d.ts'
[10:27:29.056] Adding entry into typings cache: 'imurmurhash' => 'C:/Users/Admin/AppData/Local/Microsoft/TypeScript/4.4/node_modules/@types/imurmurhash/index.d.ts'
[10:27:29.060] Adding entry into typings cache: 'inherits' => 'C:/Users/Admin/AppData/Local/Microsoft/TypeScript/4.4/node_modules/@types/inherits/index.d.ts'
[10:27:29.063] Adding entry into typings cache: 'ini' => 'C:/Users/Admin/AppData/Local/Microsoft/TypeScript/4.4/node_modules/@types/ini/index.d.ts'
[10:27:29.065] Adding entry into typings cache: 'internal-slot' => 'C:/Users/Admin/AppData/Local/Microsoft/TypeScript/4.4/node_modules/@types/internal-slot/index.d.ts'
[10:27:29.068] Adding entry into typings cache: 'interpret' => 'C:/Users/Admin/AppData/Local/Microsoft/TypeScript/4.4/node_modules/@types/interpret/index.d.ts'
[10:27:29.070] Adding entry into typings cache: 'invariant' => 'C:/Users/Admin/AppData/Local/Microsoft/TypeScript/4.4/node_modules/@types/invariant/index.d.ts'
[10:27:29.072] Adding entry into typings cache: 'ip' => 'C:/Users/Admin/AppData/Local/Microsoft/TypeScript/4.4/node_modules/@types/ip/index.d.ts'
[10:27:29.075] Adding entry into typings cache: 'is-arguments' => 'C:/Users/Admin/AppData/Local/Microsoft/TypeScript/4.4/node_modules/@types/is-arguments/index.d.ts'
[10:27:29.077] Adding entry into typings cache: 'is-bigint' => 'C:/Users/Admin/AppData/Local/Microsoft/TypeScript/4.4/node_modules/@types/is-bigint/index.d.ts'
[10:27:29.080] Adding entry into typings cache: 'is-boolean-object' => 'C:/Users/Admin/AppData/Local/Microsoft/TypeScript/4.4/node_modules/@types/is-boolean-object/index.d.ts'
[10:27:29.084] Adding entry into typings cache: 'is-buffer' => 'C:/Users/Admin/AppData/Local/Microsoft/TypeScript/4.4/node_modules/@types/is-buffer/index.d.ts'
[10:27:29.086] Adding entry into typings cache: 'is-callable' => 'C:/Users/Admin/AppData/Local/Microsoft/TypeScript/4.4/node_modules/@types/is-callable/index.d.ts'
[10:27:29.088] Adding entry into typings cache: 'is-ci' => 'C:/Users/Admin/AppData/Local/Microsoft/TypeScript/4.4/node_modules/@types/is-ci/index.d.ts'
[10:27:29.091] Adding entry into typings cache: 'is-core-module' => 'C:/Users/Admin/AppData/Local/Microsoft/TypeScript/4.4/node_modules/@types/is-core-module/index.d.ts'
[10:27:29.095] Adding entry into typings cache: 'is-data-descriptor' => 'C:/Users/Admin/AppData/Local/Microsoft/TypeScript/4.4/node_modules/@types/is-data-descriptor/index.d.ts'
[10:27:29.097] Adding entry into typings cache: 'is-date-object' => 'C:/Users/Admin/AppData/Local/Microsoft/TypeScript/4.4/node_modules/@types/is-date-object/index.d.ts'
[10:27:29.102] Adding entry into typings cache: 'is-dom' => 'C:/Users/Admin/AppData/Local/Microsoft/TypeScript/4.4/node_modules/@types/is-dom/index.d.ts'
[10:27:29.105] Adding entry into typings cache: 'is-function' => 'C:/Users/Admin/AppData/Local/Microsoft/TypeScript/4.4/node_modules/@types/is-function/index.d.ts'
[10:27:29.109] Adding entry into typings cache: 'is-generator-function' => 'C:/Users/Admin/AppData/Local/Microsoft/TypeScript/4.4/node_modules/@types/is-generator-function/index.d.ts'
[10:27:29.114] Adding entry into typings cache: 'is-glob' => 'C:/Users/Admin/AppData/Local/Microsoft/TypeScript/4.4/node_modules/@types/is-glob/index.d.ts'
[10:27:29.118] Adding entry into typings cache: 'is-number' => 'C:/Users/Admin/AppData/Local/Microsoft/TypeScript/4.4/node_modules/@types/is-number/index.d.ts'
[10:27:29.120] Adding entry into typings cache: 'is-object' => 'C:/Users/Admin/AppData/Local/Microsoft/TypeScript/4.4/node_modules/@types/is-object/index.d.ts'
[10:27:29.123] Adding entry into typings cache: 'is-regex' => 'C:/Users/Admin/AppData/Local/Microsoft/TypeScript/4.4/node_modules/@types/is-regex/index.d.ts'
[10:27:29.125] Adding entry into typings cache: 'is-string' => 'C:/Users/Admin/AppData/Local/Microsoft/TypeScript/4.4/node_modules/@types/is-string/index.d.ts'
[10:27:29.128] Adding entry into typings cache: 'is-typedarray' => 'C:/Users/Admin/AppData/Local/Microsoft/TypeScript/4.4/node_modules/@types/is-typedarray/index.d.ts'
[10:27:29.135] Adding entry into typings cache: 'is-windows' => 'C:/Users/Admin/AppData/Local/Microsoft/TypeScript/4.4/node_modules/@types/is-windows/index.d.ts'
[10:27:29.139] Adding entry into typings cache: 'isarray' => 'C:/Users/Admin/AppData/Local/Microsoft/TypeScript/4.4/node_modules/@types/isarray/index.d.ts'
[10:27:29.141] Adding entry into typings cache: 'isexe' => 'C:/Users/Admin/AppData/Local/Microsoft/TypeScript/4.4/node_modules/@types/isexe/index.d.ts'
[10:27:29.143] Adding entry into typings cache: 'isstream' => 'C:/Users/Admin/AppData/Local/Microsoft/TypeScript/4.4/node_modules/@types/isstream/index.d.ts'
[10:27:29.146] Adding entry into typings cache: 'istanbul-lib-coverage' => 'C:/Users/Admin/AppData/Local/Microsoft/TypeScript/4.4/node_modules/@types/istanbul-lib-coverage/index.d.ts'
[10:27:29.150] Adding entry into typings cache: 'istanbul-lib-instrument' => 'C:/Users/Admin/AppData/Local/Microsoft/TypeScript/4.4/node_modules/@types/istanbul-lib-instrument/index.d.ts'
[10:27:29.153] Adding entry into typings cache: 'istanbul-lib-report' => 'C:/Users/Admin/AppData/Local/Microsoft/TypeScript/4.4/node_modules/@types/istanbul-lib-report/index.d.ts'
[10:27:29.155] Adding entry into typings cache: 'istanbul-lib-source-maps' => 'C:/Users/Admin/AppData/Local/Microsoft/TypeScript/4.4/node_modules/@types/istanbul-lib-source-maps/index.d.ts'
[10:27:29.157] Adding entry into typings cache: 'istanbul-reports' => 'C:/Users/Admin/AppData/Local/Microsoft/TypeScript/4.4/node_modules/@types/istanbul-reports/index.d.ts'
[10:27:29.159] Adding entry into typings cache: 'iterate-iterator' => 'C:/Users/Admin/AppData/Local/Microsoft/TypeScript/4.4/node_modules/@types/iterate-iterator/index.d.ts'
[10:27:29.161] Adding entry into typings cache: 'iterate-value' => 'C:/Users/Admin/AppData/Local/Microsoft/TypeScript/4.4/node_modules/@types/iterate-value/index.d.ts'
[10:27:29.164] Adding entry into typings cache: 'js-string-escape' => 'C:/Users/Admin/AppData/Local/Microsoft/TypeScript/4.4/node_modules/@types/js-string-escape/index.d.ts'
[10:27:29.166] Adding entry into typings cache: 'js-yaml' => 'C:/Users/Admin/AppData/Local/Microsoft/TypeScript/4.4/node_modules/@types/js-yaml/index.d.ts'
[10:27:29.168] Adding entry into typings cache: 'jsbn' => 'C:/Users/Admin/AppData/Local/Microsoft/TypeScript/4.4/node_modules/@types/jsbn/index.d.ts'
[10:27:29.171] Adding entry into typings cache: 'jsdom' => 'C:/Users/Admin/AppData/Local/Microsoft/TypeScript/4.4/node_modules/@types/jsdom/index.d.ts'
[10:27:29.173] Adding entry into typings cache: 'jsesc' => 'C:/Users/Admin/AppData/Local/Microsoft/TypeScript/4.4/node_modules/@types/jsesc/index.d.ts'
[10:27:29.177] Adding entry into typings cache: 'json-parse-better-errors' => 'C:/Users/Admin/AppData/Local/Microsoft/TypeScript/4.4/node_modules/@types/json-parse-better-errors/index.d.ts'
[10:27:29.180] Adding entry into typings cache: 'json-schema' => 'C:/Users/Admin/AppData/Local/Microsoft/TypeScript/4.4/node_modules/@types/json-schema/index.d.ts'
[10:27:29.182] Adding entry into typings cache: 'json-stringify-safe' => 'C:/Users/Admin/AppData/Local/Microsoft/TypeScript/4.4/node_modules/@types/json-stringify-safe/index.d.ts'
[10:27:29.185] Adding entry into typings cache: 'json3' => 'C:/Users/Admin/AppData/Local/Microsoft/TypeScript/4.4/node_modules/@types/json3/index.d.ts'
[10:27:29.187] Adding entry into typings cache: 'jsonfile' => 'C:/Users/Admin/AppData/Local/Microsoft/TypeScript/4.4/node_modules/@types/jsonfile/index.d.ts'
[10:27:29.189] Adding entry into typings cache: 'jsonwebtoken' => 'C:/Users/Admin/AppData/Local/Microsoft/TypeScript/4.4/node_modules/@types/jsonwebtoken/index.d.ts'
[10:27:29.191] Adding entry into typings cache: 'jwa' => 'C:/Users/Admin/AppData/Local/Microsoft/TypeScript/4.4/node_modules/@types/jwa/index.d.ts'
[10:27:29.194] Adding entry into typings cache: 'jws' => 'C:/Users/Admin/AppData/Local/Microsoft/TypeScript/4.4/node_modules/@types/jws/index.d.ts'
[10:27:29.197] Adding entry into typings cache: 'kind-of' => 'C:/Users/Admin/AppData/Local/Microsoft/TypeScript/4.4/node_modules/@types/kind-of/index.d.ts'
[10:27:29.200] Adding entry into typings cache: 'klaw' => 'C:/Users/Admin/AppData/Local/Microsoft/TypeScript/4.4/node_modules/@types/klaw/index.d.ts'
[10:27:29.202] Adding entry into typings cache: 'language-tags' => 'C:/Users/Admin/AppData/Local/Microsoft/TypeScript/4.4/node_modules/@types/language-tags/index.d.ts'
[10:27:29.207] Adding entry into typings cache: 'loader-runner' => 'C:/Users/Admin/AppData/Local/Microsoft/TypeScript/4.4/node_modules/@types/loader-runner/index.d.ts'
[10:27:29.209] Adding entry into typings cache: 'loader-utils' => 'C:/Users/Admin/AppData/Local/Microsoft/TypeScript/4.4/node_modules/@types/loader-utils/index.d.ts'
[10:27:29.212] Adding entry into typings cache: 'lodash' => 'C:/Users/Admin/AppData/Local/Microsoft/TypeScript/4.4/node_modules/@types/lodash/index.d.ts'
[10:27:29.214] Adding entry into typings cache: 'lodash.clonedeep' => 'C:/Users/Admin/AppData/Local/Microsoft/TypeScript/4.4/node_modules/@types/lodash.clonedeep/index.d.ts'
[10:27:29.217] Adding entry into typings cache: 'lodash.debounce' => 'C:/Users/Admin/AppData/Local/Microsoft/TypeScript/4.4/node_modules/@types/lodash.debounce/index.d.ts'
[10:27:29.219] Adding entry into typings cache: 'lodash.includes' => 'C:/Users/Admin/AppData/Local/Microsoft/TypeScript/4.4/node_modules/@types/lodash.includes/index.d.ts'
[10:27:29.222] Adding entry into typings cache: 'lodash.isboolean' => 'C:/Users/Admin/AppData/Local/Microsoft/TypeScript/4.4/node_modules/@types/lodash.isboolean/index.d.ts'
[10:27:29.225] Adding entry into typings cache: 'lodash.isinteger' => 'C:/Users/Admin/AppData/Local/Microsoft/TypeScript/4.4/node_modules/@types/lodash.isinteger/index.d.ts'
[10:27:29.228] Adding entry into typings cache: 'lodash.isnumber' => 'C:/Users/Admin/AppData/Local/Microsoft/TypeScript/4.4/node_modules/@types/lodash.isnumber/index.d.ts'
[10:27:29.231] Adding entry into typings cache: 'lodash.isplainobject' => 'C:/Users/Admin/AppData/Local/Microsoft/TypeScript/4.4/node_modules/@types/lodash.isplainobject/index.d.ts'
[10:27:29.235] Adding entry into typings cache: 'lodash.isstring' => 'C:/Users/Admin/AppData/Local/Microsoft/TypeScript/4.4/node_modules/@types/lodash.isstring/index.d.ts'
[10:27:29.237] Adding entry into typings cache: 'lodash.memoize' => 'C:/Users/Admin/AppData/Local/Microsoft/TypeScript/4.4/node_modules/@types/lodash.memoize/index.d.ts'
[10:27:29.240] Adding entry into typings cache: 'lodash.merge' => 'C:/Users/Admin/AppData/Local/Microsoft/TypeScript/4.4/node_modules/@types/lodash.merge/index.d.ts'
[10:27:29.243] Adding entry into typings cache: 'lodash.once' => 'C:/Users/Admin/AppData/Local/Microsoft/TypeScript/4.4/node_modules/@types/lodash.once/index.d.ts'
[10:27:29.247] Adding entry into typings cache: 'lodash.sortby' => 'C:/Users/Admin/AppData/Local/Microsoft/TypeScript/4.4/node_modules/@types/lodash.sortby/index.d.ts'
[10:27:29.251] Adding entry into typings cache: 'lodash.template' => 'C:/Users/Admin/AppData/Local/Microsoft/TypeScript/4.4/node_modules/@types/lodash.template/index.d.ts'
[10:27:29.254] Adding entry into typings cache: 'lodash.truncate' => 'C:/Users/Admin/AppData/Local/Microsoft/TypeScript/4.4/node_modules/@types/lodash.truncate/index.d.ts'
[10:27:29.258] Adding entry into typings cache: 'lodash.uniq' => 'C:/Users/Admin/AppData/Local/Microsoft/TypeScript/4.4/node_modules/@types/lodash.uniq/index.d.ts'
[10:27:29.261] Adding entry into typings cache: 'long' => 'C:/Users/Admin/AppData/Local/Microsoft/TypeScript/4.4/node_modules/@types/long/index.d.ts'
[10:27:29.263] Adding entry into typings cache: 'lowlight' => 'C:/Users/Admin/AppData/Local/Microsoft/TypeScript/4.4/node_modules/@types/lowlight/index.d.ts'
[10:27:29.265] Adding entry into typings cache: 'lru-cache' => 'C:/Users/Admin/AppData/Local/Microsoft/TypeScript/4.4/node_modules/@types/lru-cache/index.d.ts'
[10:27:29.268] Adding entry into typings cache: 'lz-string' => 'C:/Users/Admin/AppData/Local/Microsoft/TypeScript/4.4/node_modules/@types/lz-string/index.d.ts'
[10:27:29.271] Adding entry into typings cache: 'mdurl' => 'C:/Users/Admin/AppData/Local/Microsoft/TypeScript/4.4/node_modules/@types/mdurl/index.d.ts'
[10:27:29.274] Adding entry into typings cache: 'media-typer' => 'C:/Users/Admin/AppData/Local/Microsoft/TypeScript/4.4/node_modules/@types/media-typer/index.d.ts'
[10:27:29.276] Adding entry into typings cache: 'memory-fs' => 'C:/Users/Admin/AppData/Local/Microsoft/TypeScript/4.4/node_modules/@types/memory-fs/index.d.ts'
[10:27:29.279] Adding entry into typings cache: 'merge-descriptors' => 'C:/Users/Admin/AppData/Local/Microsoft/TypeScript/4.4/node_modules/@types/merge-descriptors/index.d.ts'
[10:27:29.282] Adding entry into typings cache: 'merge-stream' => 'C:/Users/Admin/AppData/Local/Microsoft/TypeScript/4.4/node_modules/@types/merge-stream/index.d.ts'
[10:27:29.284] Adding entry into typings cache: 'merge2' => 'C:/Users/Admin/AppData/Local/Microsoft/TypeScript/4.4/node_modules/@types/merge2/index.d.ts'
[10:27:29.286] Adding entry into typings cache: 'methods' => 'C:/Users/Admin/AppData/Local/Microsoft/TypeScript/4.4/node_modules/@types/methods/index.d.ts'
[10:27:29.290] Adding entry into typings cache: 'micromatch' => 'C:/Users/Admin/AppData/Local/Microsoft/TypeScript/4.4/node_modules/@types/micromatch/index.d.ts'
[10:27:29.292] Adding entry into typings cache: 'mime' => 'C:/Users/Admin/AppData/Local/Microsoft/TypeScript/4.4/node_modules/@types/mime/index.d.ts'
[10:27:29.296] Adding entry into typings cache: 'mime-db' => 'C:/Users/Admin/AppData/Local/Microsoft/TypeScript/4.4/node_modules/@types/mime-db/index.d.ts'
[10:27:29.299] Adding entry into typings cache: 'mime-types' => 'C:/Users/Admin/AppData/Local/Microsoft/TypeScript/4.4/node_modules/@types/mime-types/index.d.ts'
[10:27:29.301] Adding entry into typings cache: 'min-document' => 'C:/Users/Admin/AppData/Local/Microsoft/TypeScript/4.4/node_modules/@types/min-document/index.d.ts'
[10:27:29.304] Adding entry into typings cache: 'min-indent' => 'C:/Users/Admin/AppData/Local/Microsoft/TypeScript/4.4/node_modules/@types/min-indent/index.d.ts'
[10:27:29.307] Adding entry into typings cache: 'mini-css-extract-plugin' => 'C:/Users/Admin/AppData/Local/Microsoft/TypeScript/4.4/node_modules/@types/mini-css-extract-plugin/index.d.ts'
[10:27:29.309] Adding entry into typings cache: 'minimalistic-assert' => 'C:/Users/Admin/AppData/Local/Microsoft/TypeScript/4.4/node_modules/@types/minimalistic-assert/index.d.ts'
[10:27:29.314] Adding entry into typings cache: 'minimatch' => 'C:/Users/Admin/AppData/Local/Microsoft/TypeScript/4.4/node_modules/@types/minimatch/index.d.ts'
[10:27:29.316] Adding entry into typings cache: 'minimist' => 'C:/Users/Admin/AppData/Local/Microsoft/TypeScript/4.4/node_modules/@types/minimist/index.d.ts'
[10:27:29.320] Adding entry into typings cache: 'minipass' => 'C:/Users/Admin/AppData/Local/Microsoft/TypeScript/4.4/node_modules/@types/minipass/index.d.ts'
[10:27:29.322] Adding entry into typings cache: 'minizlib' => 'C:/Users/Admin/AppData/Local/Microsoft/TypeScript/4.4/node_modules/@types/minizlib/index.d.ts'
[10:27:29.325] Adding entry into typings cache: 'mkdirp' => 'C:/Users/Admin/AppData/Local/Microsoft/TypeScript/4.4/node_modules/@types/mkdirp/index.d.ts'
[10:27:29.327] Adding entry into typings cache: 'move-concurrently' => 'C:/Users/Admin/AppData/Local/Microsoft/TypeScript/4.4/node_modules/@types/move-concurrently/index.d.ts'
[10:27:29.333] Adding entry into typings cache: 'ms' => 'C:/Users/Admin/AppData/Local/Microsoft/TypeScript/4.4/node_modules/@types/ms/index.d.ts'
[10:27:29.336] Adding entry into typings cache: 'multicast-dns' => 'C:/Users/Admin/AppData/Local/Microsoft/TypeScript/4.4/node_modules/@types/multicast-dns/index.d.ts'
[10:27:29.341] Adding entry into typings cache: 'natural-compare' => 'C:/Users/Admin/AppData/Local/Microsoft/TypeScript/4.4/node_modules/@types/natural-compare/index.d.ts'
[10:27:29.343] Adding entry into typings cache: 'negotiator' => 'C:/Users/Admin/AppData/Local/Microsoft/TypeScript/4.4/node_modules/@types/negotiator/index.d.ts'
[10:27:29.346] Adding entry into typings cache: 'nested-error-stacks' => 'C:/Users/Admin/AppData/Local/Microsoft/TypeScript/4.4/node_modules/@types/nested-error-stacks/index.d.ts'
[10:27:29.350] Adding entry into typings cache: 'next-tick' => 'C:/Users/Admin/AppData/Local/Microsoft/TypeScript/4.4/node_modules/@types/next-tick/index.d.ts'
[10:27:29.354] Adding entry into typings cache: 'nice-try' => 'C:/Users/Admin/AppData/Local/Microsoft/TypeScript/4.4/node_modules/@types/nice-try/index.d.ts'
[10:27:29.357] Adding entry into typings cache: 'node-dir' => 'C:/Users/Admin/AppData/Local/Microsoft/TypeScript/4.4/node_modules/@types/node-dir/index.d.ts'
[10:27:29.359] Adding entry into typings cache: 'node-forge' => 'C:/Users/Admin/AppData/Local/Microsoft/TypeScript/4.4/node_modules/@types/node-forge/index.d.ts'
[10:27:29.362] Adding entry into typings cache: 'node-int64' => 'C:/Users/Admin/AppData/Local/Microsoft/TypeScript/4.4/node_modules/@types/node-int64/index.d.ts'
[10:27:29.365] Adding entry into typings cache: 'node-notifier' => 'C:/Users/Admin/AppData/Local/Microsoft/TypeScript/4.4/node_modules/@types/node-notifier/index.d.ts'
[10:27:29.368] Adding entry into typings cache: 'node-sass' => 'C:/Users/Admin/AppData/Local/Microsoft/TypeScript/4.4/node_modules/@types/node-sass/index.d.ts'
[10:27:29.370] Adding entry into typings cache: 'nopt' => 'C:/Users/Admin/AppData/Local/Microsoft/TypeScript/4.4/node_modules/@types/nopt/index.d.ts'
[10:27:29.373] Adding entry into typings cache: 'normalize-package-data' => 'C:/Users/Admin/AppData/Local/Microsoft/TypeScript/4.4/node_modules/@types/normalize-package-data/index.d.ts'
[10:27:29.377] Adding entry into typings cache: 'normalize-path' => 'C:/Users/Admin/AppData/Local/Microsoft/TypeScript/4.4/node_modules/@types/normalize-path/index.d.ts'
[10:27:29.379] Adding entry into typings cache: 'npmlog' => 'C:/Users/Admin/AppData/Local/Microsoft/TypeScript/4.4/node_modules/@types/npmlog/index.d.ts'
[10:27:29.382] Adding entry into typings cache: 'num2fraction' => 'C:/Users/Admin/AppData/Local/Microsoft/TypeScript/4.4/node_modules/@types/num2fraction/index.d.ts'
[10:27:29.384] Adding entry into typings cache: 'number-is-nan' => 'C:/Users/Admin/AppData/Local/Microsoft/TypeScript/4.4/node_modules/@types/number-is-nan/index.d.ts'
[10:27:29.386] Adding entry into typings cache: 'nwsapi' => 'C:/Users/Admin/AppData/Local/Microsoft/TypeScript/4.4/node_modules/@types/nwsapi/index.d.ts'
[10:27:29.388] Adding entry into typings cache: 'object-assign' => 'C:/Users/Admin/AppData/Local/Microsoft/TypeScript/4.4/node_modules/@types/object-assign/index.d.ts'
[10:27:29.390] Adding entry into typings cache: 'object-inspect' => 'C:/Users/Admin/AppData/Local/Microsoft/TypeScript/4.4/node_modules/@types/object-inspect/index.d.ts'
[10:27:29.392] Adding entry into typings cache: 'object-keys' => 'C:/Users/Admin/AppData/Local/Microsoft/TypeScript/4.4/node_modules/@types/object-keys/index.d.ts'
[10:27:29.394] Adding entry into typings cache: 'object.fromentries' => 'C:/Users/Admin/AppData/Local/Microsoft/TypeScript/4.4/node_modules/@types/object.fromentries/index.d.ts'
[10:27:29.397] Adding entry into typings cache: 'object.getownpropertydescriptors' => 'C:/Users/Admin/AppData/Local/Microsoft/TypeScript/4.4/node_modules/@types/object.getownpropertydescriptors/index.d.ts'
[10:27:29.402] Adding entry into typings cache: 'object.pick' => 'C:/Users/Admin/AppData/Local/Microsoft/TypeScript/4.4/node_modules/@types/object.pick/index.d.ts'
[10:27:29.405] Adding entry into typings cache: 'on-finished' => 'C:/Users/Admin/AppData/Local/Microsoft/TypeScript/4.4/node_modules/@types/on-finished/index.d.ts'
[10:27:29.408] Adding entry into typings cache: 'on-headers' => 'C:/Users/Admin/AppData/Local/Microsoft/TypeScript/4.4/node_modules/@types/on-headers/index.d.ts'
[10:27:29.412] Adding entry into typings cache: 'once' => 'C:/Users/Admin/AppData/Local/Microsoft/TypeScript/4.4/node_modules/@types/once/index.d.ts'
[10:27:29.414] Adding entry into typings cache: 'optimize-css-assets-webpack-plugin' => 'C:/Users/Admin/AppData/Local/Microsoft/TypeScript/4.4/node_modules/@types/optimize-css-assets-webpack-plugin/index.d.ts'
[10:27:29.416] Adding entry into typings cache: 'original' => 'C:/Users/Admin/AppData/Local/Microsoft/TypeScript/4.4/node_modules/@types/original/index.d.ts'
[10:27:29.418] Adding entry into typings cache: 'overlayscrollbars' => 'C:/Users/Admin/AppData/Local/Microsoft/TypeScript/4.4/node_modules/@types/overlayscrollbars/index.d.ts'
[10:27:29.420] Adding entry into typings cache: 'pako' => 'C:/Users/Admin/AppData/Local/Microsoft/TypeScript/4.4/node_modules/@types/pako/index.d.ts'
[10:27:29.423] Adding entry into typings cache: 'parallel-transform' => 'C:/Users/Admin/AppData/Local/Microsoft/TypeScript/4.4/node_modules/@types/parallel-transform/index.d.ts'
[10:27:29.426] Adding entry into typings cache: 'parse-json' => 'C:/Users/Admin/AppData/Local/Microsoft/TypeScript/4.4/node_modules/@types/parse-json/index.d.ts'
[10:27:29.428] Adding entry into typings cache: 'parse5' => 'C:/Users/Admin/AppData/Local/Microsoft/TypeScript/4.4/node_modules/@types/parse5/index.d.ts'
[10:27:29.430] Adding entry into typings cache: 'parseurl' => 'C:/Users/Admin/AppData/Local/Microsoft/TypeScript/4.4/node_modules/@types/parseurl/index.d.ts'
[10:27:29.436] Adding entry into typings cache: 'pascalcase' => 'C:/Users/Admin/AppData/Local/Microsoft/TypeScript/4.4/node_modules/@types/pascalcase/index.d.ts'
[10:27:29.438] Adding entry into typings cache: 'path-browserify' => 'C:/Users/Admin/AppData/Local/Microsoft/TypeScript/4.4/node_modules/@types/path-browserify/index.d.ts'
[10:27:29.442] Adding entry into typings cache: 'path-is-absolute' => 'C:/Users/Admin/AppData/Local/Microsoft/TypeScript/4.4/node_modules/@types/path-is-absolute/index.d.ts'
[10:27:29.444] Adding entry into typings cache: 'path-is-inside' => 'C:/Users/Admin/AppData/Local/Microsoft/TypeScript/4.4/node_modules/@types/path-is-inside/index.d.ts'
[10:27:29.448] Adding entry into typings cache: 'path-parse' => 'C:/Users/Admin/AppData/Local/Microsoft/TypeScript/4.4/node_modules/@types/path-parse/index.d.ts'
[10:27:29.454] Adding entry into typings cache: 'pbkdf2' => 'C:/Users/Admin/AppData/Local/Microsoft/TypeScript/4.4/node_modules/@types/pbkdf2/index.d.ts'
[10:27:29.458] Adding entry into typings cache: 'picomatch' => 'C:/Users/Admin/AppData/Local/Microsoft/TypeScript/4.4/node_modules/@types/picomatch/index.d.ts'
[10:27:29.460] Adding entry into typings cache: 'pify' => 'C:/Users/Admin/AppData/Local/Microsoft/TypeScript/4.4/node_modules/@types/pify/index.d.ts'
[10:27:29.462] Adding entry into typings cache: 'platform' => 'C:/Users/Admin/AppData/Local/Microsoft/TypeScript/4.4/node_modules/@types/platform/index.d.ts'
[10:27:29.465] Adding entry into typings cache: 'postcss-calc' => 'C:/Users/Admin/AppData/Local/Microsoft/TypeScript/4.4/node_modules/@types/postcss-calc/index.d.ts'
[10:27:29.469] Adding entry into typings cache: 'postcss-flexbugs-fixes' => 'C:/Users/Admin/AppData/Local/Microsoft/TypeScript/4.4/node_modules/@types/postcss-flexbugs-fixes/index.d.ts'
[10:27:29.473] Adding entry into typings cache: 'postcss-gap-properties' => 'C:/Users/Admin/AppData/Local/Microsoft/TypeScript/4.4/node_modules/@types/postcss-gap-properties/index.d.ts'
[10:27:29.475] Adding entry into typings cache: 'postcss-modules-extract-imports' => 'C:/Users/Admin/AppData/Local/Microsoft/TypeScript/4.4/node_modules/@types/postcss-modules-extract-imports/index.d.ts'
[10:27:29.478] Adding entry into typings cache: 'postcss-modules-local-by-default' => 'C:/Users/Admin/AppData/Local/Microsoft/TypeScript/4.4/node_modules/@types/postcss-modules-local-by-default/index.d.ts'
[10:27:29.480] Adding entry into typings cache: 'postcss-modules-scope' => 'C:/Users/Admin/AppData/Local/Microsoft/TypeScript/4.4/node_modules/@types/postcss-modules-scope/index.d.ts'
[10:27:29.483] Adding entry into typings cache: 'postcss-modules-values' => 'C:/Users/Admin/AppData/Local/Microsoft/TypeScript/4.4/node_modules/@types/postcss-modules-values/index.d.ts'
[10:27:29.485] Adding entry into typings cache: 'postcss-normalize' => 'C:/Users/Admin/AppData/Local/Microsoft/TypeScript/4.4/node_modules/@types/postcss-normalize/index.d.ts'
[10:27:29.488] Adding entry into typings cache: 'postcss-preset-env' => 'C:/Users/Admin/AppData/Local/Microsoft/TypeScript/4.4/node_modules/@types/postcss-preset-env/index.d.ts'
[10:27:29.491] Adding entry into typings cache: 'postcss-safe-parser' => 'C:/Users/Admin/AppData/Local/Microsoft/TypeScript/4.4/node_modules/@types/postcss-safe-parser/index.d.ts'
[10:27:29.494] Adding entry into typings cache: 'prelude-ls' => 'C:/Users/Admin/AppData/Local/Microsoft/TypeScript/4.4/node_modules/@types/prelude-ls/index.d.ts'
[10:27:29.496] Adding entry into typings cache: 'prettier' => 'C:/Users/Admin/AppData/Local/Microsoft/TypeScript/4.4/node_modules/@types/prettier/index.d.ts'
[10:27:29.498] Adding entry into typings cache: 'pretty-hrtime' => 'C:/Users/Admin/AppData/Local/Microsoft/TypeScript/4.4/node_modules/@types/pretty-hrtime/index.d.ts'
[10:27:29.500] Adding entry into typings cache: 'prismjs' => 'C:/Users/Admin/AppData/Local/Microsoft/TypeScript/4.4/node_modules/@types/prismjs/index.d.ts'
[10:27:29.502] Adding entry into typings cache: 'progress' => 'C:/Users/Admin/AppData/Local/Microsoft/TypeScript/4.4/node_modules/@types/progress/index.d.ts'
[10:27:29.504] Adding entry into typings cache: 'promise-inflight' => 'C:/Users/Admin/AppData/Local/Microsoft/TypeScript/4.4/node_modules/@types/promise-inflight/index.d.ts'
[10:27:29.507] Adding entry into typings cache: 'promise.allsettled' => 'C:/Users/Admin/AppData/Local/Microsoft/TypeScript/4.4/node_modules/@types/promise.allsettled/index.d.ts'
[10:27:29.509] Adding entry into typings cache: 'promise.prototype.finally' => 'C:/Users/Admin/AppData/Local/Microsoft/TypeScript/4.4/node_modules/@types/promise.prototype.finally/index.d.ts'
[10:27:29.511] Adding entry into typings cache: 'prompts' => 'C:/Users/Admin/AppData/Local/Microsoft/TypeScript/4.4/node_modules/@types/prompts/index.d.ts'
[10:27:29.513] Adding entry into typings cache: 'prop-types' => 'C:/Users/Admin/AppData/Local/Microsoft/TypeScript/4.4/node_modules/@types/prop-types/index.d.ts'
[10:27:29.515] Adding entry into typings cache: 'proxy-addr' => 'C:/Users/Admin/AppData/Local/Microsoft/TypeScript/4.4/node_modules/@types/proxy-addr/index.d.ts'
[10:27:29.517] Adding entry into typings cache: 'psl' => 'C:/Users/Admin/AppData/Local/Microsoft/TypeScript/4.4/node_modules/@types/psl/index.d.ts'
[10:27:29.519] Adding entry into typings cache: 'pump' => 'C:/Users/Admin/AppData/Local/Microsoft/TypeScript/4.4/node_modules/@types/pump/index.d.ts'
[10:27:29.520] Adding entry into typings cache: 'pumpify' => 'C:/Users/Admin/AppData/Local/Microsoft/TypeScript/4.4/node_modules/@types/pumpify/index.d.ts'
[10:27:29.524] Adding entry into typings cache: 'punycode' => 'C:/Users/Admin/AppData/Local/Microsoft/TypeScript/4.4/node_modules/@types/punycode/index.d.ts'
[10:27:29.526] Adding entry into typings cache: 'q' => 'C:/Users/Admin/AppData/Local/Microsoft/TypeScript/4.4/node_modules/@types/q/index.d.ts'
[10:27:29.529] Adding entry into typings cache: 'qs' => 'C:/Users/Admin/AppData/Local/Microsoft/TypeScript/4.4/node_modules/@types/qs/index.d.ts'
[10:27:29.531] Adding entry into typings cache: 'querystringify' => 'C:/Users/Admin/AppData/Local/Microsoft/TypeScript/4.4/node_modules/@types/querystringify/index.d.ts'
[10:27:29.535] Adding entry into typings cache: 'raf' => 'C:/Users/Admin/AppData/Local/Microsoft/TypeScript/4.4/node_modules/@types/raf/index.d.ts'
[10:27:29.539] Adding entry into typings cache: 'ramda' => 'C:/Users/Admin/AppData/Local/Microsoft/TypeScript/4.4/node_modules/@types/ramda/index.d.ts'
[10:27:29.545] Adding entry into typings cache: 'randombytes' => 'C:/Users/Admin/AppData/Local/Microsoft/TypeScript/4.4/node_modules/@types/randombytes/index.d.ts'
[10:27:29.549] Adding entry into typings cache: 'range-parser' => 'C:/Users/Admin/AppData/Local/Microsoft/TypeScript/4.4/node_modules/@types/range-parser/index.d.ts'
[10:27:29.554] Adding entry into typings cache: 'react' => 'C:/Users/Admin/AppData/Local/Microsoft/TypeScript/4.4/node_modules/@types/react/index.d.ts'
[10:27:29.557] Adding entry into typings cache: 'react-dev-utils' => 'C:/Users/Admin/AppData/Local/Microsoft/TypeScript/4.4/node_modules/@types/react-dev-utils/index.d.ts'
[10:27:29.559] Adding entry into typings cache: 'react-dom' => 'C:/Users/Admin/AppData/Local/Microsoft/TypeScript/4.4/node_modules/@types/react-dom/index.d.ts'
[10:27:29.561] Adding entry into typings cache: 'react-inspector' => 'C:/Users/Admin/AppData/Local/Microsoft/TypeScript/4.4/node_modules/@types/react-inspector/index.d.ts'
[10:27:29.566] Adding entry into typings cache: 'react-is' => 'C:/Users/Admin/AppData/Local/Microsoft/TypeScript/4.4/node_modules/@types/react-is/index.d.ts'
[10:27:29.570] Adding entry into typings cache: 'react-lifecycles-compat' => 'C:/Users/Admin/AppData/Local/Microsoft/TypeScript/4.4/node_modules/@types/react-lifecycles-compat/index.d.ts'
[10:27:29.573] Adding entry into typings cache: 'react-redux' => 'C:/Users/Admin/AppData/Local/Microsoft/TypeScript/4.4/node_modules/@types/react-redux/index.d.ts'
[10:27:29.575] Adding entry into typings cache: 'react-syntax-highlighter' => 'C:/Users/Admin/AppData/Local/Microsoft/TypeScript/4.4/node_modules/@types/react-syntax-highlighter/index.d.ts'
[10:27:29.577] Adding entry into typings cache: 'react-textarea-autosize' => 'C:/Users/Admin/AppData/Local/Microsoft/TypeScript/4.4/node_modules/@types/react-textarea-autosize/index.d.ts'
[10:27:29.581] Adding entry into typings cache: 'readable-stream' => 'C:/Users/Admin/AppData/Local/Microsoft/TypeScript/4.4/node_modules/@types/readable-stream/index.d.ts'
[10:27:29.584] Adding entry into typings cache: 'rechoir' => 'C:/Users/Admin/AppData/Local/Microsoft/TypeScript/4.4/node_modules/@types/rechoir/index.d.ts'
[10:27:29.587] Adding entry into typings cache: 'recursive-readdir' => 'C:/Users/Admin/AppData/Local/Microsoft/TypeScript/4.4/node_modules/@types/recursive-readdir/index.d.ts'
[10:27:29.590] Adding entry into typings cache: 'refractor' => 'C:/Users/Admin/AppData/Local/Microsoft/TypeScript/4.4/node_modules/@types/refractor/index.d.ts'
[10:27:29.592] Adding entry into typings cache: 'regenerate' => 'C:/Users/Admin/AppData/Local/Microsoft/TypeScript/4.4/node_modules/@types/regenerate/index.d.ts'
[10:27:29.596] Adding entry into typings cache: 'regenerator-runtime' => 'C:/Users/Admin/AppData/Local/Microsoft/TypeScript/4.4/node_modules/@types/regenerator-runtime/index.d.ts'
[10:27:29.600] Adding entry into typings cache: 'regex-not' => 'C:/Users/Admin/AppData/Local/Microsoft/TypeScript/4.4/node_modules/@types/regex-not/index.d.ts'
[10:27:29.602] Adding entry into typings cache: 'relateurl' => 'C:/Users/Admin/AppData/Local/Microsoft/TypeScript/4.4/node_modules/@types/relateurl/index.d.ts'
[10:27:29.606] Adding entry into typings cache: 'repeat-element' => 'C:/Users/Admin/AppData/Local/Microsoft/TypeScript/4.4/node_modules/@types/repeat-element/index.d.ts'
[10:27:29.610] Adding entry into typings cache: 'repeat-string' => 'C:/Users/Admin/AppData/Local/Microsoft/TypeScript/4.4/node_modules/@types/repeat-string/index.d.ts'
[10:27:29.613] Adding entry into typings cache: 'request' => 'C:/Users/Admin/AppData/Local/Microsoft/TypeScript/4.4/node_modules/@types/request/index.d.ts'
[10:27:29.616] Adding entry into typings cache: 'require-directory' => 'C:/Users/Admin/AppData/Local/Microsoft/TypeScript/4.4/node_modules/@types/require-directory/index.d.ts'
[10:27:29.618] Adding entry into typings cache: 'require-from-string' => 'C:/Users/Admin/AppData/Local/Microsoft/TypeScript/4.4/node_modules/@types/require-from-string/index.d.ts'
[10:27:29.625] Adding entry into typings cache: 'requires-port' => 'C:/Users/Admin/AppData/Local/Microsoft/TypeScript/4.4/node_modules/@types/requires-port/index.d.ts'
[10:27:29.627] Adding entry into typings cache: 'resolve' => 'C:/Users/Admin/AppData/Local/Microsoft/TypeScript/4.4/node_modules/@types/resolve/index.d.ts'
[10:27:29.630] Adding entry into typings cache: 'retry' => 'C:/Users/Admin/AppData/Local/Microsoft/TypeScript/4.4/node_modules/@types/retry/index.d.ts'
[10:27:29.632] Adding entry into typings cache: 'rimraf' => 'C:/Users/Admin/AppData/Local/Microsoft/TypeScript/4.4/node_modules/@types/rimraf/index.d.ts'
[10:27:29.635] Adding entry into typings cache: 'ripemd160' => 'C:/Users/Admin/AppData/Local/Microsoft/TypeScript/4.4/node_modules/@types/ripemd160/index.d.ts'
[10:27:29.637] Adding entry into typings cache: 'rsvp' => 'C:/Users/Admin/AppData/Local/Microsoft/TypeScript/4.4/node_modules/@types/rsvp/index.d.ts'
[10:27:29.640] Adding entry into typings cache: 'run-parallel' => 'C:/Users/Admin/AppData/Local/Microsoft/TypeScript/4.4/node_modules/@types/run-parallel/index.d.ts'
[10:27:29.643] Adding entry into typings cache: 'safe-regex' => 'C:/Users/Admin/AppData/Local/Microsoft/TypeScript/4.4/node_modules/@types/safe-regex/index.d.ts'
[10:27:29.645] Adding entry into typings cache: 'safer-buffer' => 'C:/Users/Admin/AppData/Local/Microsoft/TypeScript/4.4/node_modules/@types/safer-buffer/index.d.ts'
[10:27:29.649] Adding entry into typings cache: 'sane' => 'C:/Users/Admin/AppData/Local/Microsoft/TypeScript/4.4/node_modules/@types/sane/index.d.ts'
[10:27:29.653] Adding entry into typings cache: 'sass-graph' => 'C:/Users/Admin/AppData/Local/Microsoft/TypeScript/4.4/node_modules/@types/sass-graph/index.d.ts'
[10:27:29.656] Adding entry into typings cache: 'sass-loader' => 'C:/Users/Admin/AppData/Local/Microsoft/TypeScript/4.4/node_modules/@types/sass-loader/index.d.ts'
[10:27:29.658] Adding entry into typings cache: 'sax' => 'C:/Users/Admin/AppData/Local/Microsoft/TypeScript/4.4/node_modules/@types/sax/index.d.ts'
[10:27:29.660] Adding entry into typings cache: 'scheduler' => 'C:/Users/Admin/AppData/Local/Microsoft/TypeScript/4.4/node_modules/@types/scheduler/index.d.ts'
[10:27:29.662] Adding entry into typings cache: 'semver' => 'C:/Users/Admin/AppData/Local/Microsoft/TypeScript/4.4/node_modules/@types/semver/index.d.ts'
[10:27:29.665] Adding entry into typings cache: 'send' => 'C:/Users/Admin/AppData/Local/Microsoft/TypeScript/4.4/node_modules/@types/send/index.d.ts'
[10:27:29.671] Adding entry into typings cache: 'serialize-javascript' => 'C:/Users/Admin/AppData/Local/Microsoft/TypeScript/4.4/node_modules/@types/serialize-javascript/index.d.ts'
[10:27:29.674] Adding entry into typings cache: 'serve-favicon' => 'C:/Users/Admin/AppData/Local/Microsoft/TypeScript/4.4/node_modules/@types/serve-favicon/index.d.ts'
[10:27:29.677] Adding entry into typings cache: 'serve-index' => 'C:/Users/Admin/AppData/Local/Microsoft/TypeScript/4.4/node_modules/@types/serve-index/index.d.ts'
[10:27:29.680] Adding entry into typings cache: 'serve-static' => 'C:/Users/Admin/AppData/Local/Microsoft/TypeScript/4.4/node_modules/@types/serve-static/index.d.ts'
[10:27:29.685] Adding entry into typings cache: 'set-value' => 'C:/Users/Admin/AppData/Local/Microsoft/TypeScript/4.4/node_modules/@types/set-value/index.d.ts'
[10:27:29.688] Adding entry into typings cache: 'setimmediate' => 'C:/Users/Admin/AppData/Local/Microsoft/TypeScript/4.4/node_modules/@types/setimmediate/index.d.ts'
[10:27:29.691] Adding entry into typings cache: 'sha.js' => 'C:/Users/Admin/AppData/Local/Microsoft/TypeScript/4.4/node_modules/@types/sha.js/index.d.ts'
[10:27:29.694] Adding entry into typings cache: 'shallowequal' => 'C:/Users/Admin/AppData/Local/Microsoft/TypeScript/4.4/node_modules/@types/shallowequal/index.d.ts'
[10:27:29.696] Adding entry into typings cache: 'shebang-command' => 'C:/Users/Admin/AppData/Local/Microsoft/TypeScript/4.4/node_modules/@types/shebang-command/index.d.ts'
[10:27:29.699] Adding entry into typings cache: 'shell-quote' => 'C:/Users/Admin/AppData/Local/Microsoft/TypeScript/4.4/node_modules/@types/shell-quote/index.d.ts'
[10:27:29.701] Adding entry into typings cache: 'signal-exit' => 'C:/Users/Admin/AppData/Local/Microsoft/TypeScript/4.4/node_modules/@types/signal-exit/index.d.ts'
[10:27:29.704] Adding entry into typings cache: 'slice-ansi' => 'C:/Users/Admin/AppData/Local/Microsoft/TypeScript/4.4/node_modules/@types/slice-ansi/index.d.ts'
[10:27:29.706] Adding entry into typings cache: 'sockjs' => 'C:/Users/Admin/AppData/Local/Microsoft/TypeScript/4.4/node_modules/@types/sockjs/index.d.ts'
[10:27:29.708] Adding entry into typings cache: 'sockjs-client' => 'C:/Users/Admin/AppData/Local/Microsoft/TypeScript/4.4/node_modules/@types/sockjs-client/index.d.ts'
[10:27:29.710] Adding entry into typings cache: 'source-list-map' => 'C:/Users/Admin/AppData/Local/Microsoft/TypeScript/4.4/node_modules/@types/source-list-map/index.d.ts'
[10:27:29.714] Adding entry into typings cache: 'source-map-support' => 'C:/Users/Admin/AppData/Local/Microsoft/TypeScript/4.4/node_modules/@types/source-map-support/index.d.ts'
[10:27:29.716] Adding entry into typings cache: 'spdx-correct' => 'C:/Users/Admin/AppData/Local/Microsoft/TypeScript/4.4/node_modules/@types/spdx-correct/index.d.ts'
[10:27:29.718] Adding entry into typings cache: 'spdx-expression-parse' => 'C:/Users/Admin/AppData/Local/Microsoft/TypeScript/4.4/node_modules/@types/spdx-expression-parse/index.d.ts'
[10:27:29.720] Adding entry into typings cache: 'spdy' => 'C:/Users/Admin/AppData/Local/Microsoft/TypeScript/4.4/node_modules/@types/spdy/index.d.ts'
[10:27:29.722] Adding entry into typings cache: 'sprintf' => 'C:/Users/Admin/AppData/Local/Microsoft/TypeScript/4.4/node_modules/@types/sprintf/index.d.ts'
[10:27:29.725] Adding entry into typings cache: 'sprintf-js' => 'C:/Users/Admin/AppData/Local/Microsoft/TypeScript/4.4/node_modules/@types/sprintf-js/index.d.ts'
[10:27:29.727] Adding entry into typings cache: 'sqlstring' => 'C:/Users/Admin/AppData/Local/Microsoft/TypeScript/4.4/node_modules/@types/sqlstring/index.d.ts'
[10:27:29.729] Adding entry into typings cache: 'sshpk' => 'C:/Users/Admin/AppData/Local/Microsoft/TypeScript/4.4/node_modules/@types/sshpk/index.d.ts'
[10:27:29.731] Adding entry into typings cache: 'ssri' => 'C:/Users/Admin/AppData/Local/Microsoft/TypeScript/4.4/node_modules/@types/ssri/index.d.ts'
[10:27:29.733] Adding entry into typings cache: 'stack-utils' => 'C:/Users/Admin/AppData/Local/Microsoft/TypeScript/4.4/node_modules/@types/stack-utils/index.d.ts'
[10:27:29.735] Adding entry into typings cache: 'statuses' => 'C:/Users/Admin/AppData/Local/Microsoft/TypeScript/4.4/node_modules/@types/statuses/index.d.ts'
[10:27:29.738] Adding entry into typings cache: 'stdout-stream' => 'C:/Users/Admin/AppData/Local/Microsoft/TypeScript/4.4/node_modules/@types/stdout-stream/index.d.ts'
[10:27:29.740] Adding entry into typings cache: 'stream-each' => 'C:/Users/Admin/AppData/Local/Microsoft/TypeScript/4.4/node_modules/@types/stream-each/index.d.ts'
[10:27:29.742] Adding entry into typings cache: 'stream-shift' => 'C:/Users/Admin/AppData/Local/Microsoft/TypeScript/4.4/node_modules/@types/stream-shift/index.d.ts'
[10:27:29.745] Adding entry into typings cache: 'strict-uri-encode' => 'C:/Users/Admin/AppData/Local/Microsoft/TypeScript/4.4/node_modules/@types/strict-uri-encode/index.d.ts'
[10:27:29.748] Adding entry into typings cache: 'string-hash' => 'C:/Users/Admin/AppData/Local/Microsoft/TypeScript/4.4/node_modules/@types/string-hash/index.d.ts'
[10:27:29.751] Adding entry into typings cache: 'string-natural-compare' => 'C:/Users/Admin/AppData/Local/Microsoft/TypeScript/4.4/node_modules/@types/string-natural-compare/index.d.ts'
[10:27:29.755] Adding entry into typings cache: 'string.prototype.matchall' => 'C:/Users/Admin/AppData/Local/Microsoft/TypeScript/4.4/node_modules/@types/string.prototype.matchall/index.d.ts'
[10:27:29.759] Adding entry into typings cache: 'stringify-object' => 'C:/Users/Admin/AppData/Local/Microsoft/TypeScript/4.4/node_modules/@types/stringify-object/index.d.ts'
[10:27:29.762] Adding entry into typings cache: 'strip-comments' => 'C:/Users/Admin/AppData/Local/Microsoft/TypeScript/4.4/node_modules/@types/strip-comments/index.d.ts'
[10:27:29.764] Adding entry into typings cache: 'strip-final-newline' => 'C:/Users/Admin/AppData/Local/Microsoft/TypeScript/4.4/node_modules/@types/strip-final-newline/index.d.ts'
[10:27:29.768] Adding entry into typings cache: 'styled-components' => 'C:/Users/Admin/AppData/Local/Microsoft/TypeScript/4.4/node_modules/@types/styled-components/index.d.ts'
[10:27:29.774] Adding entry into typings cache: 'supports-color' => 'C:/Users/Admin/AppData/Local/Microsoft/TypeScript/4.4/node_modules/@types/supports-color/index.d.ts'
[10:27:29.776] Adding entry into typings cache: 'svg-parser' => 'C:/Users/Admin/AppData/Local/Microsoft/TypeScript/4.4/node_modules/@types/svg-parser/index.d.ts'
[10:27:29.778] Adding entry into typings cache: 'svgo' => 'C:/Users/Admin/AppData/Local/Microsoft/TypeScript/4.4/node_modules/@types/svgo/index.d.ts'
[10:27:29.781] Adding entry into typings cache: 'symbol-tree' => 'C:/Users/Admin/AppData/Local/Microsoft/TypeScript/4.4/node_modules/@types/symbol-tree/index.d.ts'
[10:27:29.785] Adding entry into typings cache: 'tapable' => 'C:/Users/Admin/AppData/Local/Microsoft/TypeScript/4.4/node_modules/tapable/tapable.d.ts'
[10:27:29.787] Adding entry into typings cache: 'tar' => 'C:/Users/Admin/AppData/Local/Microsoft/TypeScript/4.4/node_modules/@types/tar/index.d.ts'
[10:27:29.790] Adding entry into typings cache: 'testing-library__jest-dom' => 'C:/Users/Admin/AppData/Local/Microsoft/TypeScript/4.4/node_modules/@types/testing-library__jest-dom/index.d.ts'
[10:27:29.792] Adding entry into typings cache: 'text-table' => 'C:/Users/Admin/AppData/Local/Microsoft/TypeScript/4.4/node_modules/@types/text-table/index.d.ts'
[10:27:29.794] Adding entry into typings cache: 'throttle-debounce' => 'C:/Users/Admin/AppData/Local/Microsoft/TypeScript/4.4/node_modules/@types/throttle-debounce/index.d.ts'
[10:27:29.796] Adding entry into typings cache: 'through2' => 'C:/Users/Admin/AppData/Local/Microsoft/TypeScript/4.4/node_modules/@types/through2/index.d.ts'
[10:27:29.798] Adding entry into typings cache: 'thunky' => 'C:/Users/Admin/AppData/Local/Microsoft/TypeScript/4.4/node_modules/@types/thunky/index.d.ts'
[10:27:29.800] Adding entry into typings cache: 'timsort' => 'C:/Users/Admin/AppData/Local/Microsoft/TypeScript/4.4/node_modules/@types/timsort/index.d.ts'
[10:27:29.802] Adding entry into typings cache: 'tmpl' => 'C:/Users/Admin/AppData/Local/Microsoft/TypeScript/4.4/node_modules/@types/tmpl/index.d.ts'
[10:27:29.807] Adding entry into typings cache: 'to-regex' => 'C:/Users/Admin/AppData/Local/Microsoft/TypeScript/4.4/node_modules/@types/to-regex/index.d.ts'
[10:27:29.812] Adding entry into typings cache: 'to-regex-range' => 'C:/Users/Admin/AppData/Local/Microsoft/TypeScript/4.4/node_modules/@types/to-regex-range/index.d.ts'
[10:27:29.815] Adding entry into typings cache: 'tough-cookie' => 'C:/Users/Admin/AppData/Local/Microsoft/TypeScript/4.4/node_modules/@types/tough-cookie/index.d.ts'
[10:27:29.817] Adding entry into typings cache: 'trim' => 'C:/Users/Admin/AppData/Local/Microsoft/TypeScript/4.4/node_modules/@types/trim/index.d.ts'
[10:27:29.819] Adding entry into typings cache: 'tryer' => 'C:/Users/Admin/AppData/Local/Microsoft/TypeScript/4.4/node_modules/@types/tryer/index.d.ts'
[10:27:29.822] Adding entry into typings cache: 'type-check' => 'C:/Users/Admin/AppData/Local/Microsoft/TypeScript/4.4/node_modules/@types/type-check/index.d.ts'
[10:27:29.824] Adding entry into typings cache: 'type-detect' => 'C:/Users/Admin/AppData/Local/Microsoft/TypeScript/4.4/node_modules/@types/type-detect/index.d.ts'
[10:27:29.825] Adding entry into typings cache: 'type-is' => 'C:/Users/Admin/AppData/Local/Microsoft/TypeScript/4.4/node_modules/@types/type-is/index.d.ts'
[10:27:29.828] Adding entry into typings cache: 'uniq' => 'C:/Users/Admin/AppData/Local/Microsoft/TypeScript/4.4/node_modules/@types/uniq/index.d.ts'
[10:27:29.830] Adding entry into typings cache: 'universalify' => 'C:/Users/Admin/AppData/Local/Microsoft/TypeScript/4.4/node_modules/@types/universalify/index.d.ts'
[10:27:29.834] Adding entry into typings cache: 'urix' => 'C:/Users/Admin/AppData/Local/Microsoft/TypeScript/4.4/node_modules/@types/urix/index.d.ts'
[10:27:29.837] Adding entry into typings cache: 'url-parse' => 'C:/Users/Admin/AppData/Local/Microsoft/TypeScript/4.4/node_modules/@types/url-parse/index.d.ts'
[10:27:29.840] Adding entry into typings cache: 'use-subscription' => 'C:/Users/Admin/AppData/Local/Microsoft/TypeScript/4.4/node_modules/@types/use-subscription/index.d.ts'
[10:27:29.844] Adding entry into typings cache: 'util-deprecate' => 'C:/Users/Admin/AppData/Local/Microsoft/TypeScript/4.4/node_modules/@types/util-deprecate/index.d.ts'
[10:27:29.847] Adding entry into typings cache: 'util.promisify' => 'C:/Users/Admin/AppData/Local/Microsoft/TypeScript/4.4/node_modules/@types/util.promisify/index.d.ts'
[10:27:29.849] Adding entry into typings cache: 'utils-merge' => 'C:/Users/Admin/AppData/Local/Microsoft/TypeScript/4.4/node_modules/@types/utils-merge/index.d.ts'
[10:27:29.851] Adding entry into typings cache: 'uuid' => 'C:/Users/Admin/AppData/Local/Microsoft/TypeScript/4.4/node_modules/@types/uuid/index.d.ts'
[10:27:29.853] Adding entry into typings cache: 'validate-npm-package-license' => 'C:/Users/Admin/AppData/Local/Microsoft/TypeScript/4.4/node_modules/@types/validate-npm-package-license/index.d.ts'
[10:27:29.855] Adding entry into typings cache: 'vary' => 'C:/Users/Admin/AppData/Local/Microsoft/TypeScript/4.4/node_modules/@types/vary/index.d.ts'
[10:27:29.857] Adding entry into typings cache: 'verror' => 'C:/Users/Admin/AppData/Local/Microsoft/TypeScript/4.4/node_modules/@types/verror/index.d.ts'
[10:27:29.859] Adding entry into typings cache: 'w3c-hr-time' => 'C:/Users/Admin/AppData/Local/Microsoft/TypeScript/4.4/node_modules/@types/w3c-hr-time/index.d.ts'
[10:27:29.861] Adding entry into typings cache: 'w3c-xmlserializer' => 'C:/Users/Admin/AppData/Local/Microsoft/TypeScript/4.4/node_modules/@types/w3c-xmlserializer/index.d.ts'
[10:27:29.864] Adding entry into typings cache: 'warning' => 'C:/Users/Admin/AppData/Local/Microsoft/TypeScript/4.4/node_modules/@types/warning/index.d.ts'
[10:27:29.868] Adding entry into typings cache: 'watchpack' => 'C:/Users/Admin/AppData/Local/Microsoft/TypeScript/4.4/node_modules/@types/watchpack/index.d.ts'
[10:27:29.870] Adding entry into typings cache: 'webidl-conversions' => 'C:/Users/Admin/AppData/Local/Microsoft/TypeScript/4.4/node_modules/@types/webidl-conversions/index.d.ts'
[10:27:29.874] Adding entry into typings cache: 'webpack' => 'C:/Users/Admin/AppData/Local/Microsoft/TypeScript/4.4/node_modules/webpack/types.d.ts'
[10:27:29.876] Adding entry into typings cache: 'webpack-dev-middleware' => 'C:/Users/Admin/AppData/Local/Microsoft/TypeScript/4.4/node_modules/@types/webpack-dev-middleware/index.d.ts'
[10:27:29.880] Adding entry into typings cache: 'webpack-dev-server' => 'C:/Users/Admin/AppData/Local/Microsoft/TypeScript/4.4/node_modules/@types/webpack-dev-server/index.d.ts'
[10:27:29.884] Adding entry into typings cache: 'webpack-hot-middleware' => 'C:/Users/Admin/AppData/Local/Microsoft/TypeScript/4.4/node_modules/@types/webpack-hot-middleware/index.d.ts'
[10:27:29.887] Adding entry into typings cache: 'webpack-manifest-plugin' => 'C:/Users/Admin/AppData/Local/Microsoft/TypeScript/4.4/node_modules/@types/webpack-manifest-plugin/index.d.ts'
[10:27:29.891] Adding entry into typings cache: 'webpack-sources' => 'C:/Users/Admin/AppData/Local/Microsoft/TypeScript/4.4/node_modules/@types/webpack-sources/index.d.ts'
[10:27:29.893] Adding entry into typings cache: 'webpack-virtual-modules' => 'C:/Users/Admin/AppData/Local/Microsoft/TypeScript/4.4/node_modules/@types/webpack-virtual-modules/index.d.ts'
[10:27:29.895] Adding entry into typings cache: 'whatwg-encoding' => 'C:/Users/Admin/AppData/Local/Microsoft/TypeScript/4.4/node_modules/@types/whatwg-encoding/index.d.ts'
[10:27:29.898] Adding entry into typings cache: 'whatwg-mimetype' => 'C:/Users/Admin/AppData/Local/Microsoft/TypeScript/4.4/node_modules/@types/whatwg-mimetype/index.d.ts'
[10:27:29.902] Adding entry into typings cache: 'whatwg-url' => 'C:/Users/Admin/AppData/Local/Microsoft/TypeScript/4.4/node_modules/@types/whatwg-url/index.d.ts'
[10:27:29.906] Adding entry into typings cache: 'which' => 'C:/Users/Admin/AppData/Local/Microsoft/TypeScript/4.4/node_modules/@types/which/index.d.ts'
[10:27:29.908] Adding entry into typings cache: 'workbox-build' => 'C:/Users/Admin/AppData/Local/Microsoft/TypeScript/4.4/node_modules/@types/workbox-build/index.d.ts'
[10:27:29.911] Adding entry into typings cache: 'workbox-sw' => 'C:/Users/Admin/AppData/Local/Microsoft/TypeScript/4.4/node_modules/@types/workbox-sw/index.d.ts'
[10:27:29.913] Adding entry into typings cache: 'workbox-webpack-plugin' => 'C:/Users/Admin/AppData/Local/Microsoft/TypeScript/4.4/node_modules/@types/workbox-webpack-plugin/index.d.ts'
[10:27:29.915] Adding entry into typings cache: 'wrap-ansi' => 'C:/Users/Admin/AppData/Local/Microsoft/TypeScript/4.4/node_modules/@types/wrap-ansi/index.d.ts'
[10:27:29.917] Adding entry into typings cache: 'write-file-atomic' => 'C:/Users/Admin/AppData/Local/Microsoft/TypeScript/4.4/node_modules/@types/write-file-atomic/index.d.ts'
[10:27:29.920] Adding entry into typings cache: 'ws' => 'C:/Users/Admin/AppData/Local/Microsoft/TypeScript/4.4/node_modules/@types/ws/index.d.ts'
[10:27:29.922] Adding entry into typings cache: 'xtend' => 'C:/Users/Admin/AppData/Local/Microsoft/TypeScript/4.4/node_modules/@types/xtend/index.d.ts'
[10:27:29.924] Adding entry into typings cache: 'yallist' => 'C:/Users/Admin/AppData/Local/Microsoft/TypeScript/4.4/node_modules/@types/yallist/index.d.ts'
[10:27:29.926] Adding entry into typings cache: 'yargs' => 'C:/Users/Admin/AppData/Local/Microsoft/TypeScript/4.4/node_modules/@types/yargs/index.d.ts'
[10:27:29.930] Adding entry into typings cache: 'yargs-parser' => 'C:/Users/Admin/AppData/Local/Microsoft/TypeScript/4.4/node_modules/@types/yargs-parser/index.d.ts'
[10:27:29.931] Finished processing cache location 'C:/Users/Admin/AppData/Local/Microsoft/TypeScript/4.4'
[10:27:29.931] Process id: 9888
[10:27:29.931] NPM location: "c:\Program Files\nodejs\npm" (explicit '--npmLocation' not  provided)
[10:27:29.931] validateDefaultNpmLocation: false
[10:27:29.932] Npm config file: C:/Users/Admin/AppData/Local/Microsoft/TypeScript/4.4/package.json
[10:27:29.932] Updating types-registry npm package...
[10:27:29.932] Exec: "c:\Program Files\nodejs\npm" install --ignore-scripts types-registry@latest
[10:27:36.229]     Succeeded. stdout:
    
    up to date, audited 856 packages in 5s

16 packages are looking for funding
  run `npm fund` for details

6 vulnerabilities (1 moderate, 5 high)

To address issues that do not require attention, run:
  npm audit fix

To address all issues (including breaking changes), run:
  npm audit fix --force

Run `npm audit` for details.

[10:27:36.229] Updated types-registry npm package
